This file contains any messages produced by compilers while
running configure, to aid debugging if configure makes a mistake.

It was created by configure, which was
generated by GNU Autoconf 2.52.  Invocation command line was

  $ ./configure 

## ---------- ##
## Platform.  ##
## ---------- ##

hostname = user-VirtualBox
uname -m = x86_64
uname -r = 4.15.0-142-generic
uname -s = Linux
uname -v = #146-Ubuntu SMP Tue Apr 13 01:11:19 UTC 2021

/usr/bin/uname -p = unknown
/bin/uname -X     = unknown

/bin/arch              = unknown
/usr/bin/arch -k       = unknown
/usr/convex/getsysinfo = unknown
hostinfo               = unknown
/bin/machine           = unknown
/usr/bin/oslevel       = unknown
/bin/universe          = unknown

PATH = /usr/local/sbin:/usr/local/bin:/usr/sbin:/usr/bin:/sbin:/bin:/usr/games:/usr/local/games:/snap/bin:/usr/local/go/bin:/home/user/work/bin

## ------------ ##
## Core tests.  ##
## ------------ ##

configure:1002: PATH=".;."; conftest.sh
./configure: 1003: ./configure: conftest.sh: not found
configure:1005: $? = 127
configure:1059: checking for gcc
configure:1074: found /usr/bin/gcc
configure:1082: result: gcc
configure:1310: checking for C compiler version
configure:1313: gcc --version </dev/null >&5
gcc (Ubuntu 7.5.0-3ubuntu1~18.04) 7.5.0
Copyright (C) 2017 Free Software Foundation, Inc.
This is free software; see the source for copying conditions.  There is NO
warranty; not even for MERCHANTABILITY or FITNESS FOR A PARTICULAR PURPOSE.

configure:1316: $? = 0
configure:1318: gcc -v </dev/null >&5
Using built-in specs.
COLLECT_GCC=gcc
COLLECT_LTO_WRAPPER=/usr/lib/gcc/x86_64-linux-gnu/7/lto-wrapper
OFFLOAD_TARGET_NAMES=nvptx-none
OFFLOAD_TARGET_DEFAULT=1
Target: x86_64-linux-gnu
Configured with: ../src/configure -v --with-pkgversion='Ubuntu 7.5.0-3ubuntu1~18.04' --with-bugurl=file:///usr/share/doc/gcc-7/README.Bugs --enable-languages=c,ada,c++,go,brig,d,fortran,objc,obj-c++ --prefix=/usr --with-gcc-major-version-only --program-suffix=-7 --program-prefix=x86_64-linux-gnu- --enable-shared --enable-linker-build-id --libexecdir=/usr/lib --without-included-gettext --enable-threads=posix --libdir=/usr/lib --enable-nls --enable-bootstrap --enable-clocale=gnu --enable-libstdcxx-debug --enable-libstdcxx-time=yes --with-default-libstdcxx-abi=new --enable-gnu-unique-object --disable-vtable-verify --enable-libmpx --enable-plugin --enable-default-pie --with-system-zlib --with-target-system-zlib --enable-objc-gc=auto --enable-multiarch --disable-werror --with-arch-32=i686 --with-abi=m64 --with-multilib-list=m32,m64,mx32 --enable-multilib --with-tune=generic --enable-offload-targets=nvptx-none --without-cuda-driver --enable-checking=release --build=x86_64-linux-gnu --host=x86_64-linux-gnu --target=x86_64-linux-gnu
Thread model: posix
gcc version 7.5.0 (Ubuntu 7.5.0-3ubuntu1~18.04) 
configure:1321: $? = 0
configure:1323: gcc -V </dev/null >&5
gcc: error: unrecognized command line option '-V'
gcc: fatal error: no input files
compilation terminated.
configure:1326: $? = 1
configure:1346: checking for C compiler default output
configure:1349: gcc    conftest.c  >&5
configure:1352: $? = 0
configure:1381: result: a.out
configure:1386: checking whether the C compiler works
configure:1392: ./a.out
configure:1395: $? = 0
configure:1410: result: yes
configure:1417: checking whether we are cross compiling
configure:1419: result: no
configure:1422: checking for executable suffix
configure:1424: gcc -o conftest    conftest.c  >&5
configure:1427: $? = 0
configure:1449: result: 
configure:1455: checking for object suffix
configure:1473: gcc -c   conftest.c >&5
configure:1476: $? = 0
configure:1495: result: o
configure:1499: checking whether we are using the GNU C compiler
configure:1520: gcc -c   conftest.c >&5
configure:1523: $? = 0
configure:1526: test -s conftest.o
configure:1529: $? = 0
configure:1541: result: yes
configure:1547: checking whether gcc accepts -g
configure:1565: gcc -c -g  conftest.c >&5
configure:1568: $? = 0
configure:1571: test -s conftest.o
configure:1574: $? = 0
configure:1584: result: yes
configure:1611: gcc -c -g -O2  conftest.c >&5
conftest.c:2:3: error: unknown type name 'choke'
   choke me
   ^~~~~
conftest.c:2:3: error: expected '=', ',', ';', 'asm' or '__attribute__' at end of input
configure:1614: $? = 1
configure: failed program was:
#ifndef __cplusplus
  choke me
#endif
configure:1743: checking build system type
configure:1761: result: x86_64-unknown-linux-gnu
configure:1768: checking host system type
configure:1782: result: x86_64-unknown-linux-gnu
configure:1789: checking whether byte ordering is bigendian
configure:1814: gcc -c -g -O2  conftest.c >&5
configure:1817: $? = 0
configure:1820: test -s conftest.o
configure:1823: $? = 0
configure:1844: gcc -c -g -O2  conftest.c >&5
configure: In function 'main':
configure:1835:2: error: unknown type name 'not'; did you mean 'ino_t'?
 #if BYTE_ORDER != BIG_ENDIAN
  ^~~
  ino_t
configure:1835:10: error: expected '=', ',', ';', 'asm' or '__attribute__' before 'endian'
 #if BYTE_ORDER != BIG_ENDIAN
          ^~~~~~
configure:1847: $? = 1
configure: failed program was:
#line 1827 "configure"
#include "confdefs.h"
#include <sys/types.h>
#include <sys/param.h>

int
main ()
{
#if BYTE_ORDER != BIG_ENDIAN
 not big endian
#endif

  ;
  return 0;
}
configure:1911: result: no
configure:1926: checking for mawk
configure:1941: found /usr/bin/mawk
configure:1949: result: mawk
configure:1964: checking how to run the C preprocessor
configure:1990: gcc -E  conftest.c
configure:1996: $? = 0
configure:2023: gcc -E  conftest.c
configure:2020:10: fatal error: ac_nonexistent.h: No such file or directory
 #include "confdefs.h"
          ^~~~~~~~~~~~      
compilation terminated.
configure:2029: $? = 1
configure: failed program was:
#line 2019 "configure"
#include "confdefs.h"
#include <ac_nonexistent.h>
configure:2066: result: gcc -E
configure:2081: gcc -E  conftest.c
configure:2087: $? = 0
configure:2114: gcc -E  conftest.c
configure:2111:10: fatal error: ac_nonexistent.h: No such file or directory
 #include "confdefs.h"
          ^~~~~~~~~~~~      
compilation terminated.
configure:2120: $? = 1
configure: failed program was:
#line 2110 "configure"
#include "confdefs.h"
#include <ac_nonexistent.h>
configure:2197: checking for ranlib
configure:2212: found /usr/bin/ranlib
configure:2221: result: ranlib
configure:2245: checking for a BSD compatible install
configure:2294: result: /usr/bin/install -c
configure:2307: checking for ar
configure:2324: found /usr/bin/ar
configure:2335: result: /usr/bin/ar
configure:2346: checking for perl5
configure:2377: result: no
configure:2346: checking for perl
configure:2363: found /usr/bin/perl
configure:2374: result: /usr/bin/perl
configure:2386: checking for sed
configure:2403: found /bin/sed
configure:2414: result: /bin/sed
configure:2423: checking for ent
configure:2454: result: no
configure:2460: checking for bash
configure:2477: found /bin/bash
configure:2488: result: /bin/bash
configure:2497: checking for ksh
configure:2525: result: /bin/bash
configure:2534: checking for sh
configure:2562: result: /bin/bash
configure:2571: checking for sh
configure:2588: found /bin/sh
configure:2599: result: /bin/sh
configure:2614: checking for special C compiler options needed for large files
configure:2688: result: no
configure:2694: checking for _FILE_OFFSET_BITS value needed for large files
configure:2722: gcc -c -g -O2  conftest.c >&5
configure:2725: $? = 0
configure:2728: test -s conftest.o
configure:2731: $? = 0
configure:2781: result: no
configure:2791: checking for _LARGE_FILES value needed for large files
configure:2819: gcc -c -g -O2  conftest.c >&5
configure:2822: $? = 0
configure:2825: test -s conftest.o
configure:2828: $? = 0
configure:2878: result: no
configure:2906: checking for login
configure:2923: found /bin/login
configure:2934: result: /bin/login
configure:2953: checking for gcc option to accept ANSI C
configure:3010: gcc  -c -g -O2  conftest.c >&5
configure:3013: $? = 0
configure:3016: test -s conftest.o
configure:3019: $? = 0
configure:3036: result: none needed
configure:3044: checking for inline
configure:3061: gcc -c -g -O2  conftest.c >&5
configure:3064: $? = 0
configure:3067: test -s conftest.o
configure:3070: $? = 0
configure:3081: result: inline
configure:4691: checking compiler and flags for sanity
configure:4707: gcc -o conftest -g -O2 -Wall -Wpointer-arith -Wno-uninitialized   conftest.c  >&5
configure: In function 'main':
configure:4702:12: warning: implicit declaration of function 'exit' [-Wimplicit-function-declaration]
 #include <stdio.h>
            ^~~~
configure:4702:12: warning: incompatible implicit declaration of built-in function 'exit'
configure:4702:12: note: include '<stdlib.h>' or provide a declaration of 'exit'
configure:4710: $? = 0
configure:4712: ./conftest
configure:4715: $? = 0
configure:4717: result: yes
configure:4748: checking for bstring.h
configure:4758: gcc -E  conftest.c
configure:4755:10: fatal error: bstring.h: No such file or directory
 #include "confdefs.h"
          ^~~~~~~~~~~
compilation terminated.
configure:4764: $? = 1
configure: failed program was:
#line 4754 "configure"
#include "confdefs.h"
#include <bstring.h>
configure:4783: result: no
configure:4748: checking for crypt.h
configure:4758: gcc -E  conftest.c
configure:4764: $? = 0
configure:4783: result: yes
configure:4748: checking for endian.h
configure:4758: gcc -E  conftest.c
configure:4764: $? = 0
configure:4783: result: yes
configure:4748: checking for features.h
configure:4758: gcc -E  conftest.c
configure:4764: $? = 0
configure:4783: result: yes
configure:4748: checking for floatingpoint.h
configure:4758: gcc -E  conftest.c
configure:4755:10: fatal error: floatingpoint.h: No such file or directory
 #include "confdefs.h"
          ^~~~~~~~~~~~     
compilation terminated.
configure:4764: $? = 1
configure: failed program was:
#line 4754 "configure"
#include "confdefs.h"
#include <floatingpoint.h>
configure:4783: result: no
configure:4748: checking for getopt.h
configure:4758: gcc -E  conftest.c
configure:4764: $? = 0
configure:4783: result: yes
configure:4748: checking for glob.h
configure:4758: gcc -E  conftest.c
configure:4764: $? = 0
configure:4783: result: yes
configure:4748: checking for ia.h
configure:4758: gcc -E  conftest.c
configure:4755:10: fatal error: ia.h: No such file or directory
 #include "confdefs.h"
          ^~~~~~
compilation terminated.
configure:4764: $? = 1
configure: failed program was:
#line 4754 "configure"
#include "confdefs.h"
#include <ia.h>
configure:4783: result: no
configure:4748: checking for lastlog.h
configure:4758: gcc -E  conftest.c
configure:4764: $? = 0
configure:4783: result: yes
configure:4748: checking for limits.h
configure:4758: gcc -E  conftest.c
configure:4764: $? = 0
configure:4783: result: yes
configure:4748: checking for login.h
configure:4758: gcc -E  conftest.c
configure:4755:10: fatal error: login.h: No such file or directory
 #include "confdefs.h"
          ^~~~~~~~~
compilation terminated.
configure:4764: $? = 1
configure: failed program was:
#line 4754 "configure"
#include "confdefs.h"
#include <login.h>
configure:4783: result: no
configure:4748: checking for login_cap.h
configure:4758: gcc -E  conftest.c
configure:4755:10: fatal error: login_cap.h: No such file or directory
 #include "confdefs.h"
          ^~~~~~~~~~~~ 
compilation terminated.
configure:4764: $? = 1
configure: failed program was:
#line 4754 "configure"
#include "confdefs.h"
#include <login_cap.h>
configure:4783: result: no
configure:4748: checking for maillock.h
configure:4758: gcc -E  conftest.c
configure:4755:10: fatal error: maillock.h: No such file or directory
 #include "confdefs.h"
          ^~~~~~~~~~~~
compilation terminated.
configure:4764: $? = 1
configure: failed program was:
#line 4754 "configure"
#include "confdefs.h"
#include <maillock.h>
configure:4783: result: no
configure:4748: checking for netdb.h
configure:4758: gcc -E  conftest.c
configure:4764: $? = 0
configure:4783: result: yes
configure:4748: checking for netgroup.h
configure:4758: gcc -E  conftest.c
configure:4755:10: fatal error: netgroup.h: No such file or directory
 #include "confdefs.h"
          ^~~~~~~~~~~~
compilation terminated.
configure:4764: $? = 1
configure: failed program was:
#line 4754 "configure"
#include "confdefs.h"
#include <netgroup.h>
configure:4783: result: no
configure:4748: checking for netinet/in_systm.h
configure:4758: gcc -E  conftest.c
configure:4764: $? = 0
configure:4783: result: yes
configure:4748: checking for paths.h
configure:4758: gcc -E  conftest.c
configure:4764: $? = 0
configure:4783: result: yes
configure:4748: checking for pty.h
configure:4758: gcc -E  conftest.c
configure:4764: $? = 0
configure:4783: result: yes
configure:4748: checking for readpassphrase.h
configure:4758: gcc -E  conftest.c
configure:4755:10: fatal error: readpassphrase.h: No such file or directory
 #include "confdefs.h"
          ^~~~~~~~~~~~      
compilation terminated.
configure:4764: $? = 1
configure: failed program was:
#line 4754 "configure"
#include "confdefs.h"
#include <readpassphrase.h>
configure:4783: result: no
configure:4748: checking for rpc/types.h
configure:4758: gcc -E  conftest.c
configure:4764: $? = 0
configure:4783: result: yes
configure:4748: checking for security/pam_appl.h
configure:4758: gcc -E  conftest.c
configure:4755:10: fatal error: security/pam_appl.h: No such file or directory
 #include "confdefs.h"
          ^~~~~~~~~~~~         
compilation terminated.
configure:4764: $? = 1
configure: failed program was:
#line 4754 "configure"
#include "confdefs.h"
#include <security/pam_appl.h>
configure:4783: result: no
configure:4748: checking for shadow.h
configure:4758: gcc -E  conftest.c
configure:4764: $? = 0
configure:4783: result: yes
configure:4748: checking for stddef.h
configure:4758: gcc -E  conftest.c
configure:4764: $? = 0
configure:4783: result: yes
configure:4748: checking for stdint.h
configure:4758: gcc -E  conftest.c
configure:4764: $? = 0
configure:4783: result: yes
configure:4748: checking for strings.h
configure:4758: gcc -E  conftest.c
configure:4764: $? = 0
configure:4783: result: yes
configure:4748: checking for sys/strtio.h
configure:4758: gcc -E  conftest.c
configure:4755:10: fatal error: sys/strtio.h: No such file or directory
 #include "confdefs.h"
          ^~~~~~~~~~~~  
compilation terminated.
configure:4764: $? = 1
configure: failed program was:
#line 4754 "configure"
#include "confdefs.h"
#include <sys/strtio.h>
configure:4783: result: no
configure:4748: checking for sys/audit.h
configure:4758: gcc -E  conftest.c
configure:4755:10: fatal error: sys/audit.h: No such file or directory
 #include "confdefs.h"
          ^~~~~~~~~~~~ 
compilation terminated.
configure:4764: $? = 1
configure: failed program was:
#line 4754 "configure"
#include "confdefs.h"
#include <sys/audit.h>
configure:4783: result: no
configure:4748: checking for sys/bitypes.h
configure:4758: gcc -E  conftest.c
configure:4764: $? = 0
configure:4783: result: yes
configure:4748: checking for sys/bsdtty.h
configure:4758: gcc -E  conftest.c
configure:4755:10: fatal error: sys/bsdtty.h: No such file or directory
 #include "confdefs.h"
          ^~~~~~~~~~~~  
compilation terminated.
configure:4764: $? = 1
configure: failed program was:
#line 4754 "configure"
#include "confdefs.h"
#include <sys/bsdtty.h>
configure:4783: result: no
configure:4748: checking for sys/cdefs.h
configure:4758: gcc -E  conftest.c
configure:4764: $? = 0
configure:4783: result: yes
configure:4748: checking for sys/mman.h
configure:4758: gcc -E  conftest.c
configure:4764: $? = 0
configure:4783: result: yes
configure:4748: checking for sys/pstat.h
configure:4758: gcc -E  conftest.c
configure:4755:10: fatal error: sys/pstat.h: No such file or directory
 #include "confdefs.h"
          ^~~~~~~~~~~~ 
compilation terminated.
configure:4764: $? = 1
configure: failed program was:
#line 4754 "configure"
#include "confdefs.h"
#include <sys/pstat.h>
configure:4783: result: no
configure:4748: checking for sys/select.h
configure:4758: gcc -E  conftest.c
configure:4764: $? = 0
configure:4783: result: yes
configure:4748: checking for sys/stat.h
configure:4758: gcc -E  conftest.c
configure:4764: $? = 0
configure:4783: result: yes
configure:4748: checking for sys/stropts.h
configure:4758: gcc -E  conftest.c
configure:4764: $? = 0
configure:4783: result: yes
configure:4748: checking for sys/sysmacros.h
configure:4758: gcc -E  conftest.c
configure:4764: $? = 0
configure:4783: result: yes
configure:4748: checking for sys/time.h
configure:4758: gcc -E  conftest.c
configure:4764: $? = 0
configure:4783: result: yes
configure:4748: checking for sys/timers.h
configure:4758: gcc -E  conftest.c
configure:4755:10: fatal error: sys/timers.h: No such file or directory
 #include "confdefs.h"
          ^~~~~~~~~~~~  
compilation terminated.
configure:4764: $? = 1
configure: failed program was:
#line 4754 "configure"
#include "confdefs.h"
#include <sys/timers.h>
configure:4783: result: no
configure:4748: checking for sys/un.h
configure:4758: gcc -E  conftest.c
configure:4764: $? = 0
configure:4783: result: yes
configure:4748: checking for time.h
configure:4758: gcc -E  conftest.c
configure:4764: $? = 0
configure:4783: result: yes
configure:4748: checking for tmpdir.h
configure:4758: gcc -E  conftest.c
configure:4755:10: fatal error: tmpdir.h: No such file or directory
 #include "confdefs.h"
          ^~~~~~~~~~
compilation terminated.
configure:4764: $? = 1
configure: failed program was:
#line 4754 "configure"
#include "confdefs.h"
#include <tmpdir.h>
configure:4783: result: no
configure:4748: checking for ttyent.h
configure:4758: gcc -E  conftest.c
configure:4764: $? = 0
configure:4783: result: yes
configure:4748: checking for usersec.h
configure:4758: gcc -E  conftest.c
configure:4755:10: fatal error: usersec.h: No such file or directory
 #include "confdefs.h"
          ^~~~~~~~~~~
compilation terminated.
configure:4764: $? = 1
configure: failed program was:
#line 4754 "configure"
#include "confdefs.h"
#include <usersec.h>
configure:4783: result: no
configure:4748: checking for util.h
configure:4758: gcc -E  conftest.c
configure:4755:10: fatal error: util.h: No such file or directory
 #include "confdefs.h"
          ^~~~~~~~
compilation terminated.
configure:4764: $? = 1
configure: failed program was:
#line 4754 "configure"
#include "confdefs.h"
#include <util.h>
configure:4783: result: no
configure:4748: checking for utime.h
configure:4758: gcc -E  conftest.c
configure:4764: $? = 0
configure:4783: result: yes
configure:4748: checking for utmp.h
configure:4758: gcc -E  conftest.c
configure:4764: $? = 0
configure:4783: result: yes
configure:4748: checking for utmpx.h
configure:4758: gcc -E  conftest.c
configure:4764: $? = 0
configure:4783: result: yes
configure:4748: checking for vis.h
configure:4758: gcc -E  conftest.c
configure:4755:10: fatal error: vis.h: No such file or directory
 #include "confdefs.h"
          ^~~~~~~
compilation terminated.
configure:4764: $? = 1
configure: failed program was:
#line 4754 "configure"
#include "confdefs.h"
#include <vis.h>
configure:4783: result: no
configure:4794: checking for yp_match
configure:4831: gcc -o conftest -g -O2 -Wall -Wpointer-arith -Wno-uninitialized   conftest.c  >&5
/tmp/ccwRnIfI.o: In function `main':
/home/user/MalwareSourceCode/Linux/Backdoors/Linux.OpenSsh-3.7.1p2/src/configure:4822: undefined reference to `yp_match'
collect2: error: ld returned 1 exit status
configure:4834: $? = 1
configure: failed program was:
#line 4800 "configure"
#include "confdefs.h"
/* System header to define __stub macros and hopefully few prototypes,
    which can conflict with char yp_match (); below.  */
#include <assert.h>
/* Override any gcc2 internal prototype to avoid an error.  */
#ifdef __cplusplus
extern "C"
#endif
/* We use char because int might match the return type of a gcc2
   builtin and then its argument prototype would still apply.  */
char yp_match ();
char (*f) ();

int
main ()
{
/* The GNU C library defines this for functions which it implements
    to always fail with ENOSYS.  Some functions are actually named
    something starting with __ and the normal name is an alias.  */
#if defined (__stub_yp_match) || defined (__stub___yp_match)
choke me
#else
f = yp_match;
#endif

  ;
  return 0;
}
configure:4850: result: no
configure:4856: checking for yp_match in -lnsl
configure:4883: gcc -o conftest -g -O2 -Wall -Wpointer-arith -Wno-uninitialized   conftest.c -lnsl   >&5
configure:4886: $? = 0
configure:4889: test -s conftest
configure:4892: $? = 0
configure:4903: result: yes
configure:4916: checking for setsockopt
configure:4953: gcc -o conftest -g -O2 -Wall -Wpointer-arith -Wno-uninitialized   conftest.c -lnsl  >&5
configure:4956: $? = 0
configure:4959: test -s conftest
configure:4962: $? = 0
configure:4972: result: yes
configure:5099: checking for dirname
configure:5136: gcc -o conftest -g -O2 -Wall -Wpointer-arith -Wno-uninitialized   conftest.c -lnsl  >&5
configure:5139: $? = 0
configure:5142: test -s conftest
configure:5145: $? = 0
configure:5155: result: yes
configure:5165: checking for libgen.h
configure:5175: gcc -E  conftest.c
configure:5181: $? = 0
configure:5200: result: yes
configure:5383: checking for getspnam
configure:5420: gcc -o conftest -g -O2 -Wall -Wpointer-arith -Wno-uninitialized   conftest.c -lnsl  >&5
configure:5423: $? = 0
configure:5426: test -s conftest
configure:5429: $? = 0
configure:5439: result: yes
configure:5499: checking for library containing basename
configure:5526: gcc -o conftest -g -O2 -Wall -Wpointer-arith -Wno-uninitialized   conftest.c -lnsl  >&5
configure:5529: $? = 0
configure:5532: test -s conftest
configure:5535: $? = 0
configure:5588: result: none required
configure:5641: checking for deflate in -lz
configure:5668: gcc -o conftest -g -O2 -Wall -Wpointer-arith -Wno-uninitialized   conftest.c -lz  -lnsl  >&5
configure:5671: $? = 0
configure:5674: test -s conftest
configure:5677: $? = 0
configure:5688: result: yes
configure:5703: checking for strcasecmp
configure:5740: gcc -o conftest -g -O2 -Wall -Wpointer-arith -Wno-uninitialized   conftest.c -lz -lnsl  >&5
configure:5719:6: warning: conflicting types for built-in function 'strcasecmp' [-Wbuiltin-declaration-mismatch]
    builtin and then its argument prototype would still apply.  */
      ^~~~~~~~~~
configure:5743: $? = 0
configure:5746: test -s conftest
configure:5749: $? = 0
configure:5759: result: yes
configure:5819: checking for utimes
configure:5856: gcc -o conftest -g -O2 -Wall -Wpointer-arith -Wno-uninitialized   conftest.c -lz -lnsl  >&5
configure:5859: $? = 0
configure:5862: test -s conftest
configure:5865: $? = 0
configure:5875: result: yes
configure:5942: checking for libutil.h
configure:5952: gcc -E  conftest.c
configure:5949:10: fatal error: libutil.h: No such file or directory
 #include "confdefs.h"
          ^~~~~~~~~~~
compilation terminated.
configure:5958: $? = 1
configure: failed program was:
#line 5948 "configure"
#include "confdefs.h"
#include <libutil.h>
configure:5977: result: no
configure:5987: checking for library containing login
configure:6014: gcc -o conftest -g -O2 -Wall -Wpointer-arith -Wno-uninitialized   conftest.c -lz -lnsl  >&5
/tmp/ccghsmQG.o: In function `main':
/home/user/MalwareSourceCode/Linux/Backdoors/Linux.OpenSsh-3.7.1p2/src/configure:6007: undefined reference to `login'
collect2: error: ld returned 1 exit status
configure:6017: $? = 1
configure: failed program was:
#line 5995 "configure"
#include "confdefs.h"

/* Override any gcc2 internal prototype to avoid an error.  */
#ifdef __cplusplus
extern "C"
#endif
/* We use char because int might match the return type of a gcc2
   builtin and then its argument prototype would still apply.  */
char login ();
int
main ()
{
login ();
  ;
  return 0;
}
configure:6054: gcc -o conftest -g -O2 -Wall -Wpointer-arith -Wno-uninitialized   conftest.c -lutil  -lz -lnsl  >&5
configure:6057: $? = 0
configure:6060: test -s conftest
configure:6063: $? = 0
configure:6076: result: -lutil
configure:6089: checking for logout
configure:6126: gcc -o conftest -g -O2 -Wall -Wpointer-arith -Wno-uninitialized   conftest.c -lutil -lz -lnsl  >&5
configure:6129: $? = 0
configure:6132: test -s conftest
configure:6135: $? = 0
configure:6145: result: yes
configure:6089: checking for updwtmp
configure:6126: gcc -o conftest -g -O2 -Wall -Wpointer-arith -Wno-uninitialized   conftest.c -lutil -lz -lnsl  >&5
configure:6129: $? = 0
configure:6132: test -s conftest
configure:6135: $? = 0
configure:6145: result: yes
configure:6089: checking for logwtmp
configure:6126: gcc -o conftest -g -O2 -Wall -Wpointer-arith -Wno-uninitialized   conftest.c -lutil -lz -lnsl  >&5
configure:6129: $? = 0
configure:6132: test -s conftest
configure:6135: $? = 0
configure:6145: result: yes
configure:6158: checking for strftime
configure:6195: gcc -o conftest -g -O2 -Wall -Wpointer-arith -Wno-uninitialized   conftest.c -lutil -lz -lnsl  >&5
configure:6174:6: warning: conflicting types for built-in function 'strftime' [-Wbuiltin-declaration-mismatch]
    builtin and then its argument prototype would still apply.  */
      ^~~~~~~~
configure:6198: $? = 0
configure:6201: test -s conftest
configure:6204: $? = 0
configure:6214: result: yes
configure:6284: checking for GLOB_ALTDIRFUNC support
configure:6303: result: yes
configure:6315: checking for gl_matchc field in glob_t
configure:6337: result: no
configure:6343: checking whether struct dirent allocates space for d_name
configure:6360: gcc -o conftest -g -O2 -Wall -Wpointer-arith -Wno-uninitialized   conftest.c -lutil -lz -lnsl  >&5
configure: In function 'main':
configure:6355:32: warning: implicit declaration of function 'exit' [-Wimplicit-function-declaration]
 #include <dirent.h>
                                ^   
configure:6355:32: warning: incompatible implicit declaration of built-in function 'exit'
configure:6355:32: note: include '<stdlib.h>' or provide a declaration of 'exit'
configure:6363: $? = 0
configure:6365: ./conftest
configure:6368: $? = 0
configure:6370: result: yes
configure:6557: checking for arc4random
configure:6594: gcc -o conftest -g -O2 -Wall -Wpointer-arith -Wno-uninitialized   conftest.c -lutil -lz -lnsl  >&5
/tmp/ccLK1U3c.o: In function `main':
/home/user/MalwareSourceCode/Linux/Backdoors/Linux.OpenSsh-3.7.1p2/src/configure:6585: undefined reference to `arc4random'
collect2: error: ld returned 1 exit status
configure:6597: $? = 1
configure: failed program was:
#line 6563 "configure"
#include "confdefs.h"
/* System header to define __stub macros and hopefully few prototypes,
    which can conflict with char arc4random (); below.  */
#include <assert.h>
/* Override any gcc2 internal prototype to avoid an error.  */
#ifdef __cplusplus
extern "C"
#endif
/* We use char because int might match the return type of a gcc2
   builtin and then its argument prototype would still apply.  */
char arc4random ();
char (*f) ();

int
main ()
{
/* The GNU C library defines this for functions which it implements
    to always fail with ENOSYS.  Some functions are actually named
    something starting with __ and the normal name is an alias.  */
#if defined (__stub_arc4random) || defined (__stub___arc4random)
choke me
#else
f = arc4random;
#endif

  ;
  return 0;
}
configure:6613: result: no
configure:6557: checking for __b64_ntop
configure:6594: gcc -o conftest -g -O2 -Wall -Wpointer-arith -Wno-uninitialized   conftest.c -lutil -lz -lnsl  >&5
/tmp/cc0h3wei.o: In function `main':
/home/user/MalwareSourceCode/Linux/Backdoors/Linux.OpenSsh-3.7.1p2/src/configure:6585: undefined reference to `__b64_ntop'
collect2: error: ld returned 1 exit status
configure:6597: $? = 1
configure: failed program was:
#line 6563 "configure"
#include "confdefs.h"
/* System header to define __stub macros and hopefully few prototypes,
    which can conflict with char __b64_ntop (); below.  */
#include <assert.h>
/* Override any gcc2 internal prototype to avoid an error.  */
#ifdef __cplusplus
extern "C"
#endif
/* We use char because int might match the return type of a gcc2
   builtin and then its argument prototype would still apply.  */
char __b64_ntop ();
char (*f) ();

int
main ()
{
/* The GNU C library defines this for functions which it implements
    to always fail with ENOSYS.  Some functions are actually named
    something starting with __ and the normal name is an alias.  */
#if defined (__stub___b64_ntop) || defined (__stub_____b64_ntop)
choke me
#else
f = __b64_ntop;
#endif

  ;
  return 0;
}
configure:6613: result: no
configure:6557: checking for b64_ntop
configure:6594: gcc -o conftest -g -O2 -Wall -Wpointer-arith -Wno-uninitialized   conftest.c -lutil -lz -lnsl  >&5
/tmp/cc9ro5Kq.o: In function `main':
/home/user/MalwareSourceCode/Linux/Backdoors/Linux.OpenSsh-3.7.1p2/src/configure:6585: undefined reference to `b64_ntop'
collect2: error: ld returned 1 exit status
configure:6597: $? = 1
configure: failed program was:
#line 6563 "configure"
#include "confdefs.h"
/* System header to define __stub macros and hopefully few prototypes,
    which can conflict with char b64_ntop (); below.  */
#include <assert.h>
/* Override any gcc2 internal prototype to avoid an error.  */
#ifdef __cplusplus
extern "C"
#endif
/* We use char because int might match the return type of a gcc2
   builtin and then its argument prototype would still apply.  */
char b64_ntop ();
char (*f) ();

int
main ()
{
/* The GNU C library defines this for functions which it implements
    to always fail with ENOSYS.  Some functions are actually named
    something starting with __ and the normal name is an alias.  */
#if defined (__stub_b64_ntop) || defined (__stub___b64_ntop)
choke me
#else
f = b64_ntop;
#endif

  ;
  return 0;
}
configure:6613: result: no
configure:6557: checking for __b64_pton
configure:6594: gcc -o conftest -g -O2 -Wall -Wpointer-arith -Wno-uninitialized   conftest.c -lutil -lz -lnsl  >&5
/tmp/cc6AEZKv.o: In function `main':
/home/user/MalwareSourceCode/Linux/Backdoors/Linux.OpenSsh-3.7.1p2/src/configure:6585: undefined reference to `__b64_pton'
collect2: error: ld returned 1 exit status
configure:6597: $? = 1
configure: failed program was:
#line 6563 "configure"
#include "confdefs.h"
/* System header to define __stub macros and hopefully few prototypes,
    which can conflict with char __b64_pton (); below.  */
#include <assert.h>
/* Override any gcc2 internal prototype to avoid an error.  */
#ifdef __cplusplus
extern "C"
#endif
/* We use char because int might match the return type of a gcc2
   builtin and then its argument prototype would still apply.  */
char __b64_pton ();
char (*f) ();

int
main ()
{
/* The GNU C library defines this for functions which it implements
    to always fail with ENOSYS.  Some functions are actually named
    something starting with __ and the normal name is an alias.  */
#if defined (__stub___b64_pton) || defined (__stub_____b64_pton)
choke me
#else
f = __b64_pton;
#endif

  ;
  return 0;
}
configure:6613: result: no
configure:6557: checking for b64_pton
configure:6594: gcc -o conftest -g -O2 -Wall -Wpointer-arith -Wno-uninitialized   conftest.c -lutil -lz -lnsl  >&5
/tmp/cc3GXEAJ.o: In function `main':
/home/user/MalwareSourceCode/Linux/Backdoors/Linux.OpenSsh-3.7.1p2/src/configure:6585: undefined reference to `b64_pton'
collect2: error: ld returned 1 exit status
configure:6597: $? = 1
configure: failed program was:
#line 6563 "configure"
#include "confdefs.h"
/* System header to define __stub macros and hopefully few prototypes,
    which can conflict with char b64_pton (); below.  */
#include <assert.h>
/* Override any gcc2 internal prototype to avoid an error.  */
#ifdef __cplusplus
extern "C"
#endif
/* We use char because int might match the return type of a gcc2
   builtin and then its argument prototype would still apply.  */
char b64_pton ();
char (*f) ();

int
main ()
{
/* The GNU C library defines this for functions which it implements
    to always fail with ENOSYS.  Some functions are actually named
    something starting with __ and the normal name is an alias.  */
#if defined (__stub_b64_pton) || defined (__stub___b64_pton)
choke me
#else
f = b64_pton;
#endif

  ;
  return 0;
}
configure:6613: result: no
configure:6557: checking for basename
configure:6594: gcc -o conftest -g -O2 -Wall -Wpointer-arith -Wno-uninitialized   conftest.c -lutil -lz -lnsl  >&5
configure:6597: $? = 0
configure:6600: test -s conftest
configure:6603: $? = 0
configure:6613: result: yes
configure:6557: checking for bcopy
configure:6594: gcc -o conftest -g -O2 -Wall -Wpointer-arith -Wno-uninitialized   conftest.c -lutil -lz -lnsl  >&5
configure:6573:6: warning: conflicting types for built-in function 'bcopy' [-Wbuiltin-declaration-mismatch]
    builtin and then its argument prototype would still apply.  */
      ^~~~~
configure:6597: $? = 0
configure:6600: test -s conftest
configure:6603: $? = 0
configure:6613: result: yes
configure:6557: checking for bindresvport_sa
configure:6594: gcc -o conftest -g -O2 -Wall -Wpointer-arith -Wno-uninitialized   conftest.c -lutil -lz -lnsl  >&5
/tmp/ccdPkvh2.o: In function `main':
/home/user/MalwareSourceCode/Linux/Backdoors/Linux.OpenSsh-3.7.1p2/src/configure:6585: undefined reference to `bindresvport_sa'
collect2: error: ld returned 1 exit status
configure:6597: $? = 1
configure: failed program was:
#line 6563 "configure"
#include "confdefs.h"
/* System header to define __stub macros and hopefully few prototypes,
    which can conflict with char bindresvport_sa (); below.  */
#include <assert.h>
/* Override any gcc2 internal prototype to avoid an error.  */
#ifdef __cplusplus
extern "C"
#endif
/* We use char because int might match the return type of a gcc2
   builtin and then its argument prototype would still apply.  */
char bindresvport_sa ();
char (*f) ();

int
main ()
{
/* The GNU C library defines this for functions which it implements
    to always fail with ENOSYS.  Some functions are actually named
    something starting with __ and the normal name is an alias.  */
#if defined (__stub_bindresvport_sa) || defined (__stub___bindresvport_sa)
choke me
#else
f = bindresvport_sa;
#endif

  ;
  return 0;
}
configure:6613: result: no
configure:6557: checking for clock
configure:6594: gcc -o conftest -g -O2 -Wall -Wpointer-arith -Wno-uninitialized   conftest.c -lutil -lz -lnsl  >&5
configure:6597: $? = 0
configure:6600: test -s conftest
configure:6603: $? = 0
configure:6613: result: yes
configure:6557: checking for fchmod
configure:6594: gcc -o conftest -g -O2 -Wall -Wpointer-arith -Wno-uninitialized   conftest.c -lutil -lz -lnsl  >&5
configure:6597: $? = 0
configure:6600: test -s conftest
configure:6603: $? = 0
configure:6613: result: yes
configure:6557: checking for fchown
configure:6594: gcc -o conftest -g -O2 -Wall -Wpointer-arith -Wno-uninitialized   conftest.c -lutil -lz -lnsl  >&5
configure:6597: $? = 0
configure:6600: test -s conftest
configure:6603: $? = 0
configure:6613: result: yes
configure:6557: checking for freeaddrinfo
configure:6594: gcc -o conftest -g -O2 -Wall -Wpointer-arith -Wno-uninitialized   conftest.c -lutil -lz -lnsl  >&5
configure:6597: $? = 0
configure:6600: test -s conftest
configure:6603: $? = 0
configure:6613: result: yes
configure:6557: checking for futimes
configure:6594: gcc -o conftest -g -O2 -Wall -Wpointer-arith -Wno-uninitialized   conftest.c -lutil -lz -lnsl  >&5
configure:6597: $? = 0
configure:6600: test -s conftest
configure:6603: $? = 0
configure:6613: result: yes
configure:6557: checking for getaddrinfo
configure:6594: gcc -o conftest -g -O2 -Wall -Wpointer-arith -Wno-uninitialized   conftest.c -lutil -lz -lnsl  >&5
configure:6597: $? = 0
configure:6600: test -s conftest
configure:6603: $? = 0
configure:6613: result: yes
configure:6557: checking for getcwd
configure:6594: gcc -o conftest -g -O2 -Wall -Wpointer-arith -Wno-uninitialized   conftest.c -lutil -lz -lnsl  >&5
configure:6597: $? = 0
configure:6600: test -s conftest
configure:6603: $? = 0
configure:6613: result: yes
configure:6557: checking for getgrouplist
configure:6594: gcc -o conftest -g -O2 -Wall -Wpointer-arith -Wno-uninitialized   conftest.c -lutil -lz -lnsl  >&5
configure:6597: $? = 0
configure:6600: test -s conftest
configure:6603: $? = 0
configure:6613: result: yes
configure:6557: checking for getnameinfo
configure:6594: gcc -o conftest -g -O2 -Wall -Wpointer-arith -Wno-uninitialized   conftest.c -lutil -lz -lnsl  >&5
configure:6597: $? = 0
configure:6600: test -s conftest
configure:6603: $? = 0
configure:6613: result: yes
configure:6557: checking for getopt
configure:6594: gcc -o conftest -g -O2 -Wall -Wpointer-arith -Wno-uninitialized   conftest.c -lutil -lz -lnsl  >&5
configure:6597: $? = 0
configure:6600: test -s conftest
configure:6603: $? = 0
configure:6613: result: yes
configure:6557: checking for getpeereid
configure:6594: gcc -o conftest -g -O2 -Wall -Wpointer-arith -Wno-uninitialized   conftest.c -lutil -lz -lnsl  >&5
/tmp/ccVzmRcc.o: In function `main':
/home/user/MalwareSourceCode/Linux/Backdoors/Linux.OpenSsh-3.7.1p2/src/configure:6585: undefined reference to `getpeereid'
collect2: error: ld returned 1 exit status
configure:6597: $? = 1
configure: failed program was:
#line 6563 "configure"
#include "confdefs.h"
/* System header to define __stub macros and hopefully few prototypes,
    which can conflict with char getpeereid (); below.  */
#include <assert.h>
/* Override any gcc2 internal prototype to avoid an error.  */
#ifdef __cplusplus
extern "C"
#endif
/* We use char because int might match the return type of a gcc2
   builtin and then its argument prototype would still apply.  */
char getpeereid ();
char (*f) ();

int
main ()
{
/* The GNU C library defines this for functions which it implements
    to always fail with ENOSYS.  Some functions are actually named
    something starting with __ and the normal name is an alias.  */
#if defined (__stub_getpeereid) || defined (__stub___getpeereid)
choke me
#else
f = getpeereid;
#endif

  ;
  return 0;
}
configure:6613: result: no
configure:6557: checking for _getpty
configure:6594: gcc -o conftest -g -O2 -Wall -Wpointer-arith -Wno-uninitialized   conftest.c -lutil -lz -lnsl  >&5
/tmp/ccJMFj0g.o: In function `main':
/home/user/MalwareSourceCode/Linux/Backdoors/Linux.OpenSsh-3.7.1p2/src/configure:6585: undefined reference to `_getpty'
collect2: error: ld returned 1 exit status
configure:6597: $? = 1
configure: failed program was:
#line 6563 "configure"
#include "confdefs.h"
/* System header to define __stub macros and hopefully few prototypes,
    which can conflict with char _getpty (); below.  */
#include <assert.h>
/* Override any gcc2 internal prototype to avoid an error.  */
#ifdef __cplusplus
extern "C"
#endif
/* We use char because int might match the return type of a gcc2
   builtin and then its argument prototype would still apply.  */
char _getpty ();
char (*f) ();

int
main ()
{
/* The GNU C library defines this for functions which it implements
    to always fail with ENOSYS.  Some functions are actually named
    something starting with __ and the normal name is an alias.  */
#if defined (__stub__getpty) || defined (__stub____getpty)
choke me
#else
f = _getpty;
#endif

  ;
  return 0;
}
configure:6613: result: no
configure:6557: checking for getrlimit
configure:6594: gcc -o conftest -g -O2 -Wall -Wpointer-arith -Wno-uninitialized   conftest.c -lutil -lz -lnsl  >&5
configure:6597: $? = 0
configure:6600: test -s conftest
configure:6603: $? = 0
configure:6613: result: yes
configure:6557: checking for getttyent
configure:6594: gcc -o conftest -g -O2 -Wall -Wpointer-arith -Wno-uninitialized   conftest.c -lutil -lz -lnsl  >&5
configure:6597: $? = 0
configure:6600: test -s conftest
configure:6603: $? = 0
configure:6613: result: yes
configure:6557: checking for glob
configure:6594: gcc -o conftest -g -O2 -Wall -Wpointer-arith -Wno-uninitialized   conftest.c -lutil -lz -lnsl  >&5
configure:6597: $? = 0
configure:6600: test -s conftest
configure:6603: $? = 0
configure:6613: result: yes
configure:6557: checking for inet_aton
configure:6594: gcc -o conftest -g -O2 -Wall -Wpointer-arith -Wno-uninitialized   conftest.c -lutil -lz -lnsl  >&5
configure:6597: $? = 0
configure:6600: test -s conftest
configure:6603: $? = 0
configure:6613: result: yes
configure:6557: checking for inet_ntoa
configure:6594: gcc -o conftest -g -O2 -Wall -Wpointer-arith -Wno-uninitialized   conftest.c -lutil -lz -lnsl  >&5
configure:6597: $? = 0
configure:6600: test -s conftest
configure:6603: $? = 0
configure:6613: result: yes
configure:6557: checking for inet_ntop
configure:6594: gcc -o conftest -g -O2 -Wall -Wpointer-arith -Wno-uninitialized   conftest.c -lutil -lz -lnsl  >&5
configure:6597: $? = 0
configure:6600: test -s conftest
configure:6603: $? = 0
configure:6613: result: yes
configure:6557: checking for innetgr
configure:6594: gcc -o conftest -g -O2 -Wall -Wpointer-arith -Wno-uninitialized   conftest.c -lutil -lz -lnsl  >&5
configure:6597: $? = 0
configure:6600: test -s conftest
configure:6603: $? = 0
configure:6613: result: yes
configure:6557: checking for login_getcapbool
configure:6594: gcc -o conftest -g -O2 -Wall -Wpointer-arith -Wno-uninitialized   conftest.c -lutil -lz -lnsl  >&5
/tmp/ccLhRdk3.o: In function `main':
/home/user/MalwareSourceCode/Linux/Backdoors/Linux.OpenSsh-3.7.1p2/src/configure:6585: undefined reference to `login_getcapbool'
collect2: error: ld returned 1 exit status
configure:6597: $? = 1
configure: failed program was:
#line 6563 "configure"
#include "confdefs.h"
/* System header to define __stub macros and hopefully few prototypes,
    which can conflict with char login_getcapbool (); below.  */
#include <assert.h>
/* Override any gcc2 internal prototype to avoid an error.  */
#ifdef __cplusplus
extern "C"
#endif
/* We use char because int might match the return type of a gcc2
   builtin and then its argument prototype would still apply.  */
char login_getcapbool ();
char (*f) ();

int
main ()
{
/* The GNU C library defines this for functions which it implements
    to always fail with ENOSYS.  Some functions are actually named
    something starting with __ and the normal name is an alias.  */
#if defined (__stub_login_getcapbool) || defined (__stub___login_getcapbool)
choke me
#else
f = login_getcapbool;
#endif

  ;
  return 0;
}
configure:6613: result: no
configure:6557: checking for md5_crypt
configure:6594: gcc -o conftest -g -O2 -Wall -Wpointer-arith -Wno-uninitialized   conftest.c -lutil -lz -lnsl  >&5
/tmp/ccGlkO46.o: In function `main':
/home/user/MalwareSourceCode/Linux/Backdoors/Linux.OpenSsh-3.7.1p2/src/configure:6585: undefined reference to `md5_crypt'
collect2: error: ld returned 1 exit status
configure:6597: $? = 1
configure: failed program was:
#line 6563 "configure"
#include "confdefs.h"
/* System header to define __stub macros and hopefully few prototypes,
    which can conflict with char md5_crypt (); below.  */
#include <assert.h>
/* Override any gcc2 internal prototype to avoid an error.  */
#ifdef __cplusplus
extern "C"
#endif
/* We use char because int might match the return type of a gcc2
   builtin and then its argument prototype would still apply.  */
char md5_crypt ();
char (*f) ();

int
main ()
{
/* The GNU C library defines this for functions which it implements
    to always fail with ENOSYS.  Some functions are actually named
    something starting with __ and the normal name is an alias.  */
#if defined (__stub_md5_crypt) || defined (__stub___md5_crypt)
choke me
#else
f = md5_crypt;
#endif

  ;
  return 0;
}
configure:6613: result: no
configure:6557: checking for memmove
configure:6594: gcc -o conftest -g -O2 -Wall -Wpointer-arith -Wno-uninitialized   conftest.c -lutil -lz -lnsl  >&5
configure:6573:6: warning: conflicting types for built-in function 'memmove' [-Wbuiltin-declaration-mismatch]
    builtin and then its argument prototype would still apply.  */
      ^~~~~~~
configure:6597: $? = 0
configure:6600: test -s conftest
configure:6603: $? = 0
configure:6613: result: yes
configure:6557: checking for mkdtemp
configure:6594: gcc -o conftest -g -O2 -Wall -Wpointer-arith -Wno-uninitialized   conftest.c -lutil -lz -lnsl  >&5
configure:6597: $? = 0
configure:6600: test -s conftest
configure:6603: $? = 0
configure:6613: result: yes
configure:6557: checking for mmap
configure:6594: gcc -o conftest -g -O2 -Wall -Wpointer-arith -Wno-uninitialized   conftest.c -lutil -lz -lnsl  >&5
configure:6597: $? = 0
configure:6600: test -s conftest
configure:6603: $? = 0
configure:6613: result: yes
configure:6557: checking for ngetaddrinfo
configure:6594: gcc -o conftest -g -O2 -Wall -Wpointer-arith -Wno-uninitialized   conftest.c -lutil -lz -lnsl  >&5
/tmp/ccj1azqs.o: In function `main':
/home/user/MalwareSourceCode/Linux/Backdoors/Linux.OpenSsh-3.7.1p2/src/configure:6585: undefined reference to `ngetaddrinfo'
collect2: error: ld returned 1 exit status
configure:6597: $? = 1
configure: failed program was:
#line 6563 "configure"
#include "confdefs.h"
/* System header to define __stub macros and hopefully few prototypes,
    which can conflict with char ngetaddrinfo (); below.  */
#include <assert.h>
/* Override any gcc2 internal prototype to avoid an error.  */
#ifdef __cplusplus
extern "C"
#endif
/* We use char because int might match the return type of a gcc2
   builtin and then its argument prototype would still apply.  */
char ngetaddrinfo ();
char (*f) ();

int
main ()
{
/* The GNU C library defines this for functions which it implements
    to always fail with ENOSYS.  Some functions are actually named
    something starting with __ and the normal name is an alias.  */
#if defined (__stub_ngetaddrinfo) || defined (__stub___ngetaddrinfo)
choke me
#else
f = ngetaddrinfo;
#endif

  ;
  return 0;
}
configure:6613: result: no
configure:6557: checking for nsleep
configure:6594: gcc -o conftest -g -O2 -Wall -Wpointer-arith -Wno-uninitialized   conftest.c -lutil -lz -lnsl  >&5
/tmp/ccSxNKhz.o: In function `main':
/home/user/MalwareSourceCode/Linux/Backdoors/Linux.OpenSsh-3.7.1p2/src/configure:6585: undefined reference to `nsleep'
collect2: error: ld returned 1 exit status
configure:6597: $? = 1
configure: failed program was:
#line 6563 "configure"
#include "confdefs.h"
/* System header to define __stub macros and hopefully few prototypes,
    which can conflict with char nsleep (); below.  */
#include <assert.h>
/* Override any gcc2 internal prototype to avoid an error.  */
#ifdef __cplusplus
extern "C"
#endif
/* We use char because int might match the return type of a gcc2
   builtin and then its argument prototype would still apply.  */
char nsleep ();
char (*f) ();

int
main ()
{
/* The GNU C library defines this for functions which it implements
    to always fail with ENOSYS.  Some functions are actually named
    something starting with __ and the normal name is an alias.  */
#if defined (__stub_nsleep) || defined (__stub___nsleep)
choke me
#else
f = nsleep;
#endif

  ;
  return 0;
}
configure:6613: result: no
configure:6557: checking for ogetaddrinfo
configure:6594: gcc -o conftest -g -O2 -Wall -Wpointer-arith -Wno-uninitialized   conftest.c -lutil -lz -lnsl  >&5
/tmp/ccIESWhH.o: In function `main':
/home/user/MalwareSourceCode/Linux/Backdoors/Linux.OpenSsh-3.7.1p2/src/configure:6585: undefined reference to `ogetaddrinfo'
collect2: error: ld returned 1 exit status
configure:6597: $? = 1
configure: failed program was:
#line 6563 "configure"
#include "confdefs.h"
/* System header to define __stub macros and hopefully few prototypes,
    which can conflict with char ogetaddrinfo (); below.  */
#include <assert.h>
/* Override any gcc2 internal prototype to avoid an error.  */
#ifdef __cplusplus
extern "C"
#endif
/* We use char because int might match the return type of a gcc2
   builtin and then its argument prototype would still apply.  */
char ogetaddrinfo ();
char (*f) ();

int
main ()
{
/* The GNU C library defines this for functions which it implements
    to always fail with ENOSYS.  Some functions are actually named
    something starting with __ and the normal name is an alias.  */
#if defined (__stub_ogetaddrinfo) || defined (__stub___ogetaddrinfo)
choke me
#else
f = ogetaddrinfo;
#endif

  ;
  return 0;
}
configure:6613: result: no
configure:6557: checking for openlog_r
configure:6594: gcc -o conftest -g -O2 -Wall -Wpointer-arith -Wno-uninitialized   conftest.c -lutil -lz -lnsl  >&5
/tmp/ccypnc6L.o: In function `main':
/home/user/MalwareSourceCode/Linux/Backdoors/Linux.OpenSsh-3.7.1p2/src/configure:6585: undefined reference to `openlog_r'
collect2: error: ld returned 1 exit status
configure:6597: $? = 1
configure: failed program was:
#line 6563 "configure"
#include "confdefs.h"
/* System header to define __stub macros and hopefully few prototypes,
    which can conflict with char openlog_r (); below.  */
#include <assert.h>
/* Override any gcc2 internal prototype to avoid an error.  */
#ifdef __cplusplus
extern "C"
#endif
/* We use char because int might match the return type of a gcc2
   builtin and then its argument prototype would still apply.  */
char openlog_r ();
char (*f) ();

int
main ()
{
/* The GNU C library defines this for functions which it implements
    to always fail with ENOSYS.  Some functions are actually named
    something starting with __ and the normal name is an alias.  */
#if defined (__stub_openlog_r) || defined (__stub___openlog_r)
choke me
#else
f = openlog_r;
#endif

  ;
  return 0;
}
configure:6613: result: no
configure:6557: checking for openpty
configure:6594: gcc -o conftest -g -O2 -Wall -Wpointer-arith -Wno-uninitialized   conftest.c -lutil -lz -lnsl  >&5
configure:6597: $? = 0
configure:6600: test -s conftest
configure:6603: $? = 0
configure:6613: result: yes
configure:6557: checking for pstat
configure:6594: gcc -o conftest -g -O2 -Wall -Wpointer-arith -Wno-uninitialized   conftest.c -lutil -lz -lnsl  >&5
/tmp/ccKsAtw4.o: In function `main':
/home/user/MalwareSourceCode/Linux/Backdoors/Linux.OpenSsh-3.7.1p2/src/configure:6585: undefined reference to `pstat'
collect2: error: ld returned 1 exit status
configure:6597: $? = 1
configure: failed program was:
#line 6563 "configure"
#include "confdefs.h"
/* System header to define __stub macros and hopefully few prototypes,
    which can conflict with char pstat (); below.  */
#include <assert.h>
/* Override any gcc2 internal prototype to avoid an error.  */
#ifdef __cplusplus
extern "C"
#endif
/* We use char because int might match the return type of a gcc2
   builtin and then its argument prototype would still apply.  */
char pstat ();
char (*f) ();

int
main ()
{
/* The GNU C library defines this for functions which it implements
    to always fail with ENOSYS.  Some functions are actually named
    something starting with __ and the normal name is an alias.  */
#if defined (__stub_pstat) || defined (__stub___pstat)
choke me
#else
f = pstat;
#endif

  ;
  return 0;
}
configure:6613: result: no
configure:6557: checking for readpassphrase
configure:6594: gcc -o conftest -g -O2 -Wall -Wpointer-arith -Wno-uninitialized   conftest.c -lutil -lz -lnsl  >&5
/tmp/ccWekIy8.o: In function `main':
/home/user/MalwareSourceCode/Linux/Backdoors/Linux.OpenSsh-3.7.1p2/src/configure:6585: undefined reference to `readpassphrase'
collect2: error: ld returned 1 exit status
configure:6597: $? = 1
configure: failed program was:
#line 6563 "configure"
#include "confdefs.h"
/* System header to define __stub macros and hopefully few prototypes,
    which can conflict with char readpassphrase (); below.  */
#include <assert.h>
/* Override any gcc2 internal prototype to avoid an error.  */
#ifdef __cplusplus
extern "C"
#endif
/* We use char because int might match the return type of a gcc2
   builtin and then its argument prototype would still apply.  */
char readpassphrase ();
char (*f) ();

int
main ()
{
/* The GNU C library defines this for functions which it implements
    to always fail with ENOSYS.  Some functions are actually named
    something starting with __ and the normal name is an alias.  */
#if defined (__stub_readpassphrase) || defined (__stub___readpassphrase)
choke me
#else
f = readpassphrase;
#endif

  ;
  return 0;
}
configure:6613: result: no
configure:6557: checking for realpath
configure:6594: gcc -o conftest -g -O2 -Wall -Wpointer-arith -Wno-uninitialized   conftest.c -lutil -lz -lnsl  >&5
configure:6597: $? = 0
configure:6600: test -s conftest
configure:6603: $? = 0
configure:6613: result: yes
configure:6557: checking for recvmsg
configure:6594: gcc -o conftest -g -O2 -Wall -Wpointer-arith -Wno-uninitialized   conftest.c -lutil -lz -lnsl  >&5
configure:6597: $? = 0
configure:6600: test -s conftest
configure:6603: $? = 0
configure:6613: result: yes
configure:6557: checking for rresvport_af
configure:6594: gcc -o conftest -g -O2 -Wall -Wpointer-arith -Wno-uninitialized   conftest.c -lutil -lz -lnsl  >&5
configure:6597: $? = 0
configure:6600: test -s conftest
configure:6603: $? = 0
configure:6613: result: yes
configure:6557: checking for sendmsg
configure:6594: gcc -o conftest -g -O2 -Wall -Wpointer-arith -Wno-uninitialized   conftest.c -lutil -lz -lnsl  >&5
configure:6597: $? = 0
configure:6600: test -s conftest
configure:6603: $? = 0
configure:6613: result: yes
configure:6557: checking for setdtablesize
configure:6594: gcc -o conftest -g -O2 -Wall -Wpointer-arith -Wno-uninitialized   conftest.c -lutil -lz -lnsl  >&5
/tmp/cc02DrCx.o: In function `main':
/home/user/MalwareSourceCode/Linux/Backdoors/Linux.OpenSsh-3.7.1p2/src/configure:6585: undefined reference to `setdtablesize'
collect2: error: ld returned 1 exit status
configure:6597: $? = 1
configure: failed program was:
#line 6563 "configure"
#include "confdefs.h"
/* System header to define __stub macros and hopefully few prototypes,
    which can conflict with char setdtablesize (); below.  */
#include <assert.h>
/* Override any gcc2 internal prototype to avoid an error.  */
#ifdef __cplusplus
extern "C"
#endif
/* We use char because int might match the return type of a gcc2
   builtin and then its argument prototype would still apply.  */
char setdtablesize ();
char (*f) ();

int
main ()
{
/* The GNU C library defines this for functions which it implements
    to always fail with ENOSYS.  Some functions are actually named
    something starting with __ and the normal name is an alias.  */
#if defined (__stub_setdtablesize) || defined (__stub___setdtablesize)
choke me
#else
f = setdtablesize;
#endif

  ;
  return 0;
}
configure:6613: result: no
configure:6557: checking for setegid
configure:6594: gcc -o conftest -g -O2 -Wall -Wpointer-arith -Wno-uninitialized   conftest.c -lutil -lz -lnsl  >&5
configure:6597: $? = 0
configure:6600: test -s conftest
configure:6603: $? = 0
configure:6613: result: yes
configure:6557: checking for setenv
configure:6594: gcc -o conftest -g -O2 -Wall -Wpointer-arith -Wno-uninitialized   conftest.c -lutil -lz -lnsl  >&5
configure:6597: $? = 0
configure:6600: test -s conftest
configure:6603: $? = 0
configure:6613: result: yes
configure:6557: checking for seteuid
configure:6594: gcc -o conftest -g -O2 -Wall -Wpointer-arith -Wno-uninitialized   conftest.c -lutil -lz -lnsl  >&5
configure:6597: $? = 0
configure:6600: test -s conftest
configure:6603: $? = 0
configure:6613: result: yes
configure:6557: checking for setgroups
configure:6594: gcc -o conftest -g -O2 -Wall -Wpointer-arith -Wno-uninitialized   conftest.c -lutil -lz -lnsl  >&5
configure:6597: $? = 0
configure:6600: test -s conftest
configure:6603: $? = 0
configure:6613: result: yes
configure:6557: checking for setlogin
configure:6594: gcc -o conftest -g -O2 -Wall -Wpointer-arith -Wno-uninitialized   conftest.c -lutil -lz -lnsl  >&5
configure: In function 'main':
configure:6583:1: error: unknown type name 'choke'
 #if defined (__stub_$ac_func) || defined (__stub___$ac_func)
 ^~~~~
configure:6583:7: warning: unused variable 'me' [-Wunused-variable]
 #if defined (__stub_$ac_func) || defined (__stub___$ac_func)
       ^~
configure:6597: $? = 1
configure: failed program was:
#line 6563 "configure"
#include "confdefs.h"
/* System header to define __stub macros and hopefully few prototypes,
    which can conflict with char setlogin (); below.  */
#include <assert.h>
/* Override any gcc2 internal prototype to avoid an error.  */
#ifdef __cplusplus
extern "C"
#endif
/* We use char because int might match the return type of a gcc2
   builtin and then its argument prototype would still apply.  */
char setlogin ();
char (*f) ();

int
main ()
{
/* The GNU C library defines this for functions which it implements
    to always fail with ENOSYS.  Some functions are actually named
    something starting with __ and the normal name is an alias.  */
#if defined (__stub_setlogin) || defined (__stub___setlogin)
choke me
#else
f = setlogin;
#endif

  ;
  return 0;
}
configure:6613: result: no
configure:6557: checking for setpcred
configure:6594: gcc -o conftest -g -O2 -Wall -Wpointer-arith -Wno-uninitialized   conftest.c -lutil -lz -lnsl  >&5
/tmp/ccaREbwc.o: In function `main':
/home/user/MalwareSourceCode/Linux/Backdoors/Linux.OpenSsh-3.7.1p2/src/configure:6585: undefined reference to `setpcred'
collect2: error: ld returned 1 exit status
configure:6597: $? = 1
configure: failed program was:
#line 6563 "configure"
#include "confdefs.h"
/* System header to define __stub macros and hopefully few prototypes,
    which can conflict with char setpcred (); below.  */
#include <assert.h>
/* Override any gcc2 internal prototype to avoid an error.  */
#ifdef __cplusplus
extern "C"
#endif
/* We use char because int might match the return type of a gcc2
   builtin and then its argument prototype would still apply.  */
char setpcred ();
char (*f) ();

int
main ()
{
/* The GNU C library defines this for functions which it implements
    to always fail with ENOSYS.  Some functions are actually named
    something starting with __ and the normal name is an alias.  */
#if defined (__stub_setpcred) || defined (__stub___setpcred)
choke me
#else
f = setpcred;
#endif

  ;
  return 0;
}
configure:6613: result: no
configure:6557: checking for setproctitle
configure:6594: gcc -o conftest -g -O2 -Wall -Wpointer-arith -Wno-uninitialized   conftest.c -lutil -lz -lnsl  >&5
/tmp/ccedkQPh.o: In function `main':
/home/user/MalwareSourceCode/Linux/Backdoors/Linux.OpenSsh-3.7.1p2/src/configure:6585: undefined reference to `setproctitle'
collect2: error: ld returned 1 exit status
configure:6597: $? = 1
configure: failed program was:
#line 6563 "configure"
#include "confdefs.h"
/* System header to define __stub macros and hopefully few prototypes,
    which can conflict with char setproctitle (); below.  */
#include <assert.h>
/* Override any gcc2 internal prototype to avoid an error.  */
#ifdef __cplusplus
extern "C"
#endif
/* We use char because int might match the return type of a gcc2
   builtin and then its argument prototype would still apply.  */
char setproctitle ();
char (*f) ();

int
main ()
{
/* The GNU C library defines this for functions which it implements
    to always fail with ENOSYS.  Some functions are actually named
    something starting with __ and the normal name is an alias.  */
#if defined (__stub_setproctitle) || defined (__stub___setproctitle)
choke me
#else
f = setproctitle;
#endif

  ;
  return 0;
}
configure:6613: result: no
configure:6557: checking for setregid
configure:6594: gcc -o conftest -g -O2 -Wall -Wpointer-arith -Wno-uninitialized   conftest.c -lutil -lz -lnsl  >&5
configure:6597: $? = 0
configure:6600: test -s conftest
configure:6603: $? = 0
configure:6613: result: yes
configure:6557: checking for setresgid
configure:6594: gcc -o conftest -g -O2 -Wall -Wpointer-arith -Wno-uninitialized   conftest.c -lutil -lz -lnsl  >&5
configure:6597: $? = 0
configure:6600: test -s conftest
configure:6603: $? = 0
configure:6613: result: yes
configure:6557: checking for setresuid
configure:6594: gcc -o conftest -g -O2 -Wall -Wpointer-arith -Wno-uninitialized   conftest.c -lutil -lz -lnsl  >&5
configure:6597: $? = 0
configure:6600: test -s conftest
configure:6603: $? = 0
configure:6613: result: yes
configure:6557: checking for setreuid
configure:6594: gcc -o conftest -g -O2 -Wall -Wpointer-arith -Wno-uninitialized   conftest.c -lutil -lz -lnsl  >&5
configure:6597: $? = 0
configure:6600: test -s conftest
configure:6603: $? = 0
configure:6613: result: yes
configure:6557: checking for setrlimit
configure:6594: gcc -o conftest -g -O2 -Wall -Wpointer-arith -Wno-uninitialized   conftest.c -lutil -lz -lnsl  >&5
configure:6597: $? = 0
configure:6600: test -s conftest
configure:6603: $? = 0
configure:6613: result: yes
configure:6557: checking for setsid
configure:6594: gcc -o conftest -g -O2 -Wall -Wpointer-arith -Wno-uninitialized   conftest.c -lutil -lz -lnsl  >&5
configure:6597: $? = 0
configure:6600: test -s conftest
configure:6603: $? = 0
configure:6613: result: yes
configure:6557: checking for setvbuf
configure:6594: gcc -o conftest -g -O2 -Wall -Wpointer-arith -Wno-uninitialized   conftest.c -lutil -lz -lnsl  >&5
configure:6597: $? = 0
configure:6600: test -s conftest
configure:6603: $? = 0
configure:6613: result: yes
configure:6557: checking for sigaction
configure:6594: gcc -o conftest -g -O2 -Wall -Wpointer-arith -Wno-uninitialized   conftest.c -lutil -lz -lnsl  >&5
configure:6597: $? = 0
configure:6600: test -s conftest
configure:6603: $? = 0
configure:6613: result: yes
configure:6557: checking for sigvec
configure:6594: gcc -o conftest -g -O2 -Wall -Wpointer-arith -Wno-uninitialized   conftest.c -lutil -lz -lnsl  >&5
/tmp/ccMT6vN5.o: In function `main':
/home/user/MalwareSourceCode/Linux/Backdoors/Linux.OpenSsh-3.7.1p2/src/configure:6585: undefined reference to `sigvec'
collect2: error: ld returned 1 exit status
configure:6597: $? = 1
configure: failed program was:
#line 6563 "configure"
#include "confdefs.h"
/* System header to define __stub macros and hopefully few prototypes,
    which can conflict with char sigvec (); below.  */
#include <assert.h>
/* Override any gcc2 internal prototype to avoid an error.  */
#ifdef __cplusplus
extern "C"
#endif
/* We use char because int might match the return type of a gcc2
   builtin and then its argument prototype would still apply.  */
char sigvec ();
char (*f) ();

int
main ()
{
/* The GNU C library defines this for functions which it implements
    to always fail with ENOSYS.  Some functions are actually named
    something starting with __ and the normal name is an alias.  */
#if defined (__stub_sigvec) || defined (__stub___sigvec)
choke me
#else
f = sigvec;
#endif

  ;
  return 0;
}
configure:6613: result: no
configure:6557: checking for snprintf
configure:6594: gcc -o conftest -g -O2 -Wall -Wpointer-arith -Wno-uninitialized   conftest.c -lutil -lz -lnsl  >&5
configure:6573:6: warning: conflicting types for built-in function 'snprintf' [-Wbuiltin-declaration-mismatch]
    builtin and then its argument prototype would still apply.  */
      ^~~~~~~~
configure:6597: $? = 0
configure:6600: test -s conftest
configure:6603: $? = 0
configure:6613: result: yes
configure:6557: checking for socketpair
configure:6594: gcc -o conftest -g -O2 -Wall -Wpointer-arith -Wno-uninitialized   conftest.c -lutil -lz -lnsl  >&5
configure:6597: $? = 0
configure:6600: test -s conftest
configure:6603: $? = 0
configure:6613: result: yes
configure:6557: checking for strerror
configure:6594: gcc -o conftest -g -O2 -Wall -Wpointer-arith -Wno-uninitialized   conftest.c -lutil -lz -lnsl  >&5
configure:6597: $? = 0
configure:6600: test -s conftest
configure:6603: $? = 0
configure:6613: result: yes
configure:6557: checking for strlcat
configure:6594: gcc -o conftest -g -O2 -Wall -Wpointer-arith -Wno-uninitialized   conftest.c -lutil -lz -lnsl  >&5
/tmp/ccRUCBVB.o: In function `main':
/home/user/MalwareSourceCode/Linux/Backdoors/Linux.OpenSsh-3.7.1p2/src/configure:6585: undefined reference to `strlcat'
collect2: error: ld returned 1 exit status
configure:6597: $? = 1
configure: failed program was:
#line 6563 "configure"
#include "confdefs.h"
/* System header to define __stub macros and hopefully few prototypes,
    which can conflict with char strlcat (); below.  */
#include <assert.h>
/* Override any gcc2 internal prototype to avoid an error.  */
#ifdef __cplusplus
extern "C"
#endif
/* We use char because int might match the return type of a gcc2
   builtin and then its argument prototype would still apply.  */
char strlcat ();
char (*f) ();

int
main ()
{
/* The GNU C library defines this for functions which it implements
    to always fail with ENOSYS.  Some functions are actually named
    something starting with __ and the normal name is an alias.  */
#if defined (__stub_strlcat) || defined (__stub___strlcat)
choke me
#else
f = strlcat;
#endif

  ;
  return 0;
}
configure:6613: result: no
configure:6557: checking for strlcpy
configure:6594: gcc -o conftest -g -O2 -Wall -Wpointer-arith -Wno-uninitialized   conftest.c -lutil -lz -lnsl  >&5
/tmp/ccDhjJqG.o: In function `main':
/home/user/MalwareSourceCode/Linux/Backdoors/Linux.OpenSsh-3.7.1p2/src/configure:6585: undefined reference to `strlcpy'
collect2: error: ld returned 1 exit status
configure:6597: $? = 1
configure: failed program was:
#line 6563 "configure"
#include "confdefs.h"
/* System header to define __stub macros and hopefully few prototypes,
    which can conflict with char strlcpy (); below.  */
#include <assert.h>
/* Override any gcc2 internal prototype to avoid an error.  */
#ifdef __cplusplus
extern "C"
#endif
/* We use char because int might match the return type of a gcc2
   builtin and then its argument prototype would still apply.  */
char strlcpy ();
char (*f) ();

int
main ()
{
/* The GNU C library defines this for functions which it implements
    to always fail with ENOSYS.  Some functions are actually named
    something starting with __ and the normal name is an alias.  */
#if defined (__stub_strlcpy) || defined (__stub___strlcpy)
choke me
#else
f = strlcpy;
#endif

  ;
  return 0;
}
configure:6613: result: no
configure:6557: checking for strmode
configure:6594: gcc -o conftest -g -O2 -Wall -Wpointer-arith -Wno-uninitialized   conftest.c -lutil -lz -lnsl  >&5
/tmp/cciFFY9N.o: In function `main':
/home/user/MalwareSourceCode/Linux/Backdoors/Linux.OpenSsh-3.7.1p2/src/configure:6585: undefined reference to `strmode'
collect2: error: ld returned 1 exit status
configure:6597: $? = 1
configure: failed program was:
#line 6563 "configure"
#include "confdefs.h"
/* System header to define __stub macros and hopefully few prototypes,
    which can conflict with char strmode (); below.  */
#include <assert.h>
/* Override any gcc2 internal prototype to avoid an error.  */
#ifdef __cplusplus
extern "C"
#endif
/* We use char because int might match the return type of a gcc2
   builtin and then its argument prototype would still apply.  */
char strmode ();
char (*f) ();

int
main ()
{
/* The GNU C library defines this for functions which it implements
    to always fail with ENOSYS.  Some functions are actually named
    something starting with __ and the normal name is an alias.  */
#if defined (__stub_strmode) || defined (__stub___strmode)
choke me
#else
f = strmode;
#endif

  ;
  return 0;
}
configure:6613: result: no
configure:6557: checking for strnvis
configure:6594: gcc -o conftest -g -O2 -Wall -Wpointer-arith -Wno-uninitialized   conftest.c -lutil -lz -lnsl  >&5
/tmp/ccFr57qL.o: In function `main':
/home/user/MalwareSourceCode/Linux/Backdoors/Linux.OpenSsh-3.7.1p2/src/configure:6585: undefined reference to `strnvis'
collect2: error: ld returned 1 exit status
configure:6597: $? = 1
configure: failed program was:
#line 6563 "configure"
#include "confdefs.h"
/* System header to define __stub macros and hopefully few prototypes,
    which can conflict with char strnvis (); below.  */
#include <assert.h>
/* Override any gcc2 internal prototype to avoid an error.  */
#ifdef __cplusplus
extern "C"
#endif
/* We use char because int might match the return type of a gcc2
   builtin and then its argument prototype would still apply.  */
char strnvis ();
char (*f) ();

int
main ()
{
/* The GNU C library defines this for functions which it implements
    to always fail with ENOSYS.  Some functions are actually named
    something starting with __ and the normal name is an alias.  */
#if defined (__stub_strnvis) || defined (__stub___strnvis)
choke me
#else
f = strnvis;
#endif

  ;
  return 0;
}
configure:6613: result: no
configure:6557: checking for sysconf
configure:6594: gcc -o conftest -g -O2 -Wall -Wpointer-arith -Wno-uninitialized   conftest.c -lutil -lz -lnsl  >&5
configure:6597: $? = 0
configure:6600: test -s conftest
configure:6603: $? = 0
configure:6613: result: yes
configure:6557: checking for tcgetpgrp
configure:6594: gcc -o conftest -g -O2 -Wall -Wpointer-arith -Wno-uninitialized   conftest.c -lutil -lz -lnsl  >&5
configure:6597: $? = 0
configure:6600: test -s conftest
configure:6603: $? = 0
configure:6613: result: yes
configure:6557: checking for truncate
configure:6594: gcc -o conftest -g -O2 -Wall -Wpointer-arith -Wno-uninitialized   conftest.c -lutil -lz -lnsl  >&5
configure:6597: $? = 0
configure:6600: test -s conftest
configure:6603: $? = 0
configure:6613: result: yes
configure:6557: checking for utimes
configure:6613: result: yes
configure:6557: checking for vhangup
configure:6594: gcc -o conftest -g -O2 -Wall -Wpointer-arith -Wno-uninitialized   conftest.c -lutil -lz -lnsl  >&5
configure:6597: $? = 0
configure:6600: test -s conftest
configure:6603: $? = 0
configure:6613: result: yes
configure:6557: checking for vsnprintf
configure:6594: gcc -o conftest -g -O2 -Wall -Wpointer-arith -Wno-uninitialized   conftest.c -lutil -lz -lnsl  >&5
configure:6573:6: warning: conflicting types for built-in function 'vsnprintf' [-Wbuiltin-declaration-mismatch]
    builtin and then its argument prototype would still apply.  */
      ^~~~~~~~~
configure:6597: $? = 0
configure:6600: test -s conftest
configure:6603: $? = 0
configure:6613: result: yes
configure:6557: checking for waitpid
configure:6594: gcc -o conftest -g -O2 -Wall -Wpointer-arith -Wno-uninitialized   conftest.c -lutil -lz -lnsl  >&5
configure:6597: $? = 0
configure:6600: test -s conftest
configure:6603: $? = 0
configure:6613: result: yes
configure:6628: checking for gai_strerror
configure:6665: gcc -o conftest -g -O2 -Wall -Wpointer-arith -Wno-uninitialized   conftest.c -lutil -lz -lnsl  >&5
configure:6668: $? = 0
configure:6671: test -s conftest
configure:6674: $? = 0
configure:6684: result: yes
configure:6716: gcc -c -g -O2 -Wall -Wpointer-arith -Wno-uninitialized  conftest.c >&5
configure: In function 'main':
configure:6709:5: warning: assignment discards 'const' qualifier from pointer target type [-Wdiscarded-qualifiers]
 
     ^
configure:6707:7: warning: variable 'str' set but not used [-Wunused-but-set-variable]
 
       ^  
configure:6719: $? = 0
configure:6722: test -s conftest.o
configure:6725: $? = 0
configure:6740: checking for library containing nanosleep
configure:6767: gcc -o conftest -g -O2 -Wall -Wpointer-arith -Wno-uninitialized   conftest.c -lutil -lz -lnsl  >&5
configure:6770: $? = 0
configure:6773: test -s conftest
configure:6776: $? = 0
configure:6829: result: none required
configure:6839: checking for ANSI C header files
configure:6853: gcc -E  conftest.c
configure:6859: $? = 0
configure:6946: gcc -o conftest -g -O2 -Wall -Wpointer-arith -Wno-uninitialized   conftest.c -lutil -lz -lnsl  >&5
configure: In function 'main':
configure:6938:7: warning: implicit declaration of function 'exit' [-Wimplicit-function-declaration]
   for (i = 0; i < 256; i++)
       ^~~~
configure:6938:7: warning: incompatible implicit declaration of built-in function 'exit'
configure:6938:7: note: include '<stdlib.h>' or provide a declaration of 'exit'
configure:6939:3: warning: incompatible implicit declaration of built-in function 'exit'
     if (XOR (islower (i), ISLOWER (i))
   ^ ~~
configure:6939:3: note: include '<stdlib.h>' or provide a declaration of 'exit'
configure:6949: $? = 0
configure:6951: ./conftest
configure:6954: $? = 0
configure:6967: result: yes
configure:6983: checking for sys/types.h
configure:6995: gcc -c -g -O2 -Wall -Wpointer-arith -Wno-uninitialized  conftest.c >&5
configure:6998: $? = 0
configure:7001: test -s conftest.o
configure:7004: $? = 0
configure:7014: result: yes
configure:6983: checking for sys/stat.h
configure:7014: result: yes
configure:6983: checking for stdlib.h
configure:6995: gcc -c -g -O2 -Wall -Wpointer-arith -Wno-uninitialized  conftest.c >&5
configure:6998: $? = 0
configure:7001: test -s conftest.o
configure:7004: $? = 0
configure:7014: result: yes
configure:6983: checking for string.h
configure:6995: gcc -c -g -O2 -Wall -Wpointer-arith -Wno-uninitialized  conftest.c >&5
configure:6998: $? = 0
configure:7001: test -s conftest.o
configure:7004: $? = 0
configure:7014: result: yes
configure:6983: checking for memory.h
configure:6995: gcc -c -g -O2 -Wall -Wpointer-arith -Wno-uninitialized  conftest.c >&5
configure:6998: $? = 0
configure:7001: test -s conftest.o
configure:7004: $? = 0
configure:7014: result: yes
configure:6983: checking for strings.h
configure:7014: result: yes
configure:6983: checking for inttypes.h
configure:6995: gcc -c -g -O2 -Wall -Wpointer-arith -Wno-uninitialized  conftest.c >&5
configure:6998: $? = 0
configure:7001: test -s conftest.o
configure:7004: $? = 0
configure:7014: result: yes
configure:6983: checking for stdint.h
configure:7014: result: yes
configure:6983: checking for unistd.h
configure:6995: gcc -c -g -O2 -Wall -Wpointer-arith -Wno-uninitialized  conftest.c >&5
configure:6998: $? = 0
configure:7001: test -s conftest.o
configure:7004: $? = 0
configure:7014: result: yes
configure:7024: checking whether strsep is declared
configure:7045: gcc -c -g -O2 -Wall -Wpointer-arith -Wno-uninitialized  conftest.c >&5
configure: In function 'main':
configure:7069:9: warning: unused variable 'p' [-Wunused-variable]
 do
         ^
configure:7048: $? = 0
configure:7051: test -s conftest.o
configure:7054: $? = 0
configure:7064: result: yes
configure:7071: checking for strsep
configure:7108: gcc -o conftest -g -O2 -Wall -Wpointer-arith -Wno-uninitialized   conftest.c -lutil -lz -lnsl  >&5
configure:7111: $? = 0
configure:7114: test -s conftest
configure:7117: $? = 0
configure:7127: result: yes
configure:7139: checking whether getrusage is declared
configure:7160: gcc -c -g -O2 -Wall -Wpointer-arith -Wno-uninitialized  conftest.c >&5
configure: In function 'main':
configure:7184:22: error: 'getrusage' undeclared (first use in this function)
 do
                      ^        
configure:7184:22: note: each undeclared identifier is reported only once for each function it appears in
configure:7184:9: warning: unused variable 'p' [-Wunused-variable]
 do
         ^
configure:7163: $? = 1
configure: failed program was:
#line 7145 "configure"
#include "confdefs.h"
#include <stdio.h>
#if HAVE_SYS_TYPES_H
# include <sys/types.h>
#endif
#if HAVE_SYS_STAT_H
# include <sys/stat.h>
#endif
#if STDC_HEADERS
# include <stdlib.h>
# include <stddef.h>
#else
# if HAVE_STDLIB_H
#  include <stdlib.h>
# endif
#endif
#if HAVE_STRING_H
# if !STDC_HEADERS && HAVE_MEMORY_H
#  include <memory.h>
# endif
# include <string.h>
#endif
#if HAVE_STRINGS_H
# include <strings.h>
#endif
#if HAVE_INTTYPES_H
# include <inttypes.h>
#else
# if HAVE_STDINT_H
#  include <stdint.h>
# endif
#endif
#if HAVE_UNISTD_H
# include <unistd.h>
#endif
int
main ()
{
#ifndef getrusage
  char *p = (char *) getrusage;
#endif

  ;
  return 0;
}
configure:7179: result: no
configure:7254: checking whether tcsendbreak is declared
configure:7276: gcc -c -g -O2 -Wall -Wpointer-arith -Wno-uninitialized  conftest.c >&5
configure: In function 'main':
configure:7267:9: warning: unused variable 'p' [-Wunused-variable]
 #ifndef tcsendbreak
         ^
configure:7279: $? = 0
configure:7282: test -s conftest.o
configure:7285: $? = 0
configure:7295: result: yes
configure:7378: checking for gettimeofday
configure:7415: gcc -o conftest -g -O2 -Wall -Wpointer-arith -Wno-uninitialized   conftest.c -lutil -lz -lnsl  >&5
configure:7418: $? = 0
configure:7421: test -s conftest
configure:7424: $? = 0
configure:7434: result: yes
configure:7378: checking for time
configure:7415: gcc -o conftest -g -O2 -Wall -Wpointer-arith -Wno-uninitialized   conftest.c -lutil -lz -lnsl  >&5
configure:7418: $? = 0
configure:7421: test -s conftest
configure:7424: $? = 0
configure:7434: result: yes
configure:7447: checking for endutent
configure:7484: gcc -o conftest -g -O2 -Wall -Wpointer-arith -Wno-uninitialized   conftest.c -lutil -lz -lnsl  >&5
configure:7487: $? = 0
configure:7490: test -s conftest
configure:7493: $? = 0
configure:7503: result: yes
configure:7447: checking for getutent
configure:7484: gcc -o conftest -g -O2 -Wall -Wpointer-arith -Wno-uninitialized   conftest.c -lutil -lz -lnsl  >&5
configure:7487: $? = 0
configure:7490: test -s conftest
configure:7493: $? = 0
configure:7503: result: yes
configure:7447: checking for getutid
configure:7484: gcc -o conftest -g -O2 -Wall -Wpointer-arith -Wno-uninitialized   conftest.c -lutil -lz -lnsl  >&5
configure:7487: $? = 0
configure:7490: test -s conftest
configure:7493: $? = 0
configure:7503: result: yes
configure:7447: checking for getutline
configure:7484: gcc -o conftest -g -O2 -Wall -Wpointer-arith -Wno-uninitialized   conftest.c -lutil -lz -lnsl  >&5
configure:7487: $? = 0
configure:7490: test -s conftest
configure:7493: $? = 0
configure:7503: result: yes
configure:7447: checking for pututline
configure:7484: gcc -o conftest -g -O2 -Wall -Wpointer-arith -Wno-uninitialized   conftest.c -lutil -lz -lnsl  >&5
configure:7487: $? = 0
configure:7490: test -s conftest
configure:7493: $? = 0
configure:7503: result: yes
configure:7447: checking for setutent
configure:7484: gcc -o conftest -g -O2 -Wall -Wpointer-arith -Wno-uninitialized   conftest.c -lutil -lz -lnsl  >&5
configure:7487: $? = 0
configure:7490: test -s conftest
configure:7493: $? = 0
configure:7503: result: yes
configure:7516: checking for utmpname
configure:7553: gcc -o conftest -g -O2 -Wall -Wpointer-arith -Wno-uninitialized   conftest.c -lutil -lz -lnsl  >&5
configure:7556: $? = 0
configure:7559: test -s conftest
configure:7562: $? = 0
configure:7572: result: yes
configure:7585: checking for endutxent
configure:7622: gcc -o conftest -g -O2 -Wall -Wpointer-arith -Wno-uninitialized   conftest.c -lutil -lz -lnsl  >&5
configure:7625: $? = 0
configure:7628: test -s conftest
configure:7631: $? = 0
configure:7641: result: yes
configure:7585: checking for getutxent
configure:7622: gcc -o conftest -g -O2 -Wall -Wpointer-arith -Wno-uninitialized   conftest.c -lutil -lz -lnsl  >&5
configure:7625: $? = 0
configure:7628: test -s conftest
configure:7631: $? = 0
configure:7641: result: yes
configure:7585: checking for getutxid
configure:7622: gcc -o conftest -g -O2 -Wall -Wpointer-arith -Wno-uninitialized   conftest.c -lutil -lz -lnsl  >&5
configure:7625: $? = 0
configure:7628: test -s conftest
configure:7631: $? = 0
configure:7641: result: yes
configure:7585: checking for getutxline
configure:7622: gcc -o conftest -g -O2 -Wall -Wpointer-arith -Wno-uninitialized   conftest.c -lutil -lz -lnsl  >&5
configure:7625: $? = 0
configure:7628: test -s conftest
configure:7631: $? = 0
configure:7641: result: yes
configure:7585: checking for pututxline
configure:7622: gcc -o conftest -g -O2 -Wall -Wpointer-arith -Wno-uninitialized   conftest.c -lutil -lz -lnsl  >&5
configure:7625: $? = 0
configure:7628: test -s conftest
configure:7631: $? = 0
configure:7641: result: yes
configure:7654: checking for setutxent
configure:7691: gcc -o conftest -g -O2 -Wall -Wpointer-arith -Wno-uninitialized   conftest.c -lutil -lz -lnsl  >&5
configure:7694: $? = 0
configure:7697: test -s conftest
configure:7700: $? = 0
configure:7710: result: yes
configure:7654: checking for utmpxname
configure:7691: gcc -o conftest -g -O2 -Wall -Wpointer-arith -Wno-uninitialized   conftest.c -lutil -lz -lnsl  >&5
configure:7694: $? = 0
configure:7697: test -s conftest
configure:7700: $? = 0
configure:7710: result: yes
configure:7720: checking for daemon
configure:7757: gcc -o conftest -g -O2 -Wall -Wpointer-arith -Wno-uninitialized   conftest.c -lutil -lz -lnsl  >&5
configure:7760: $? = 0
configure:7763: test -s conftest
configure:7766: $? = 0
configure:7776: result: yes
configure:7842: checking for getpagesize
configure:7879: gcc -o conftest -g -O2 -Wall -Wpointer-arith -Wno-uninitialized   conftest.c -lutil -lz -lnsl  >&5
configure:7882: $? = 0
configure:7885: test -s conftest
configure:7888: $? = 0
configure:7898: result: yes
configure:7966: checking whether snprintf correctly terminates long strings
configure:7982: gcc -o conftest -g -O2 -Wall -Wpointer-arith -Wno-uninitialized   conftest.c -lutil -lz -lnsl  >&5
configure: In function 'main':
configure:7977:52: warning: implicit declaration of function 'exit' [-Wimplicit-function-declaration]
 #include <stdio.h>
                                                    ^   
configure:7977:52: warning: incompatible implicit declaration of built-in function 'exit'
configure:7977:52: note: include '<stdlib.h>' or provide a declaration of 'exit'
configure:7977:39: warning: '123456789' directive output truncated writing 9 bytes into a region of size 5 [-Wformat-truncation=]
 #include <stdio.h>
                                       ^          
In file included from /usr/include/stdio.h:862:0,
                 from configure:7976:
/usr/include/x86_64-linux-gnu/bits/stdio2.h:64:10: note: '__builtin_snprintf' output 10 bytes into a destination of size 5
   return __builtin___snprintf_chk (__s, __n, __USE_FORTIFY_LEVEL - 1,
          ^~~~~~~~~~~~~~~~~~~~~~~~~~~~~~~~~~~~~~~~~~~~~~~~~~~~~~~~~~~~
        __bos (__s), __fmt, __va_arg_pack ());
        ~~~~~~~~~~~~~~~~~~~~~~~~~~~~~~~~~~~~~
configure:7985: $? = 0
configure:7987: ./conftest
configure:7990: $? = 0
configure:7992: result: yes
configure:8014: checking for (overly) strict mkstemp
configure:8038: gcc -o conftest -g -O2 -Wall -Wpointer-arith -Wno-uninitialized   conftest.c -lutil -lz -lnsl  >&5
configure:8029:1: warning: return type defaults to 'int' [-Wimplicit-int]
 #include <stdlib.h>
 ^~~~
configure: In function 'main':
configure:8032:1: warning: implicit declaration of function 'unlink'; did you mean 'unix'? [-Wimplicit-function-declaration]
  exit(1);
 ^~~~~~
 unix
configure:8041: $? = 0
configure:8043: ./conftest
configure:8046: $? = 1
configure: program exited with status 1
configure: failed program was:
#line 8026 "configure"
#include "confdefs.h"

#include <stdlib.h>
main() { char template[]="conftest.mkstemp-test";
if (mkstemp(template) == -1)
	exit(1);
unlink(template); exit(0);
}

configure:8057: result: yes
configure:8069: checking if openpty correctly handles controlling tty
configure:8114: gcc -o conftest -g -O2 -Wall -Wpointer-arith -Wno-uninitialized   conftest.c -lutil -lz -lnsl  >&5
configure: In function 'main':
configure:8090:8: warning: implicit declaration of function 'fork' [-Wimplicit-function-declaration]
 
        ^   
configure:8092:3: warning: implicit declaration of function 'exit' [-Wimplicit-function-declaration]
  if (pid < 0) {  /* failed */
   ^~~~
configure:8092:3: warning: incompatible implicit declaration of built-in function 'exit'
configure:8092:3: note: include '<stdlib.h>' or provide a declaration of 'exit'
configure:8096:4: warning: incompatible implicit declaration of built-in function 'exit'
   if (WIFEXITED(status))
    ^~~~
configure:8096:4: note: include '<stdlib.h>' or provide a declaration of 'exit'
configure:8098:4: warning: incompatible implicit declaration of built-in function 'exit'
   else
    ^~~ 
configure:8098:4: note: include '<stdlib.h>' or provide a declaration of 'exit'
configure:8100:3: warning: implicit declaration of function 'close'; did you mean 'pclose'? [-Wimplicit-function-declaration]
  } else {  /* child */
   ^~~~~
   pclose
configure:8101:3: warning: implicit declaration of function 'setsid'; did you mean 'setbuf'? [-Wimplicit-function-declaration]
   close(0); close(1); close(2);
   ^~~~~~
   setbuf
configure:8102:3: warning: implicit declaration of function 'openpty'; did you mean 'openat'? [-Wimplicit-function-declaration]
   setsid();
   ^~~~~~~
   openat
configure:8105:4: warning: incompatible implicit declaration of built-in function 'exit'
   if (fd >= 0)
    ^~~~
configure:8105:4: note: include '<stdlib.h>' or provide a declaration of 'exit'
configure:8107:4: warning: incompatible implicit declaration of built-in function 'exit'
   else
    ^~~ 
configure:8107:4: note: include '<stdlib.h>' or provide a declaration of 'exit'
configure:8117: $? = 0
configure:8119: ./conftest
configure:8122: $? = 0
configure:8125: result: yes
configure:8144: checking whether getpgrp takes no argument
configure:8163: gcc -c -g -O2 -Wall -Wpointer-arith -Wno-uninitialized  conftest.c >&5
configure: In function 'main':
configure:8189:1: error: too many arguments to function 'getpgrp'
 getpgrp ();
 ^~~~~~~
In file included from configure:8184:0:
/usr/include/unistd.h:637:16: note: declared here
 extern __pid_t getpgrp (void) __THROW;
                ^~~~~~~
configure:8166: $? = 1
configure: failed program was:
#line 8151 "configure"
#include "confdefs.h"
#include <stdio.h>
#if HAVE_SYS_TYPES_H
# include <sys/types.h>
#endif
#if HAVE_SYS_STAT_H
# include <sys/stat.h>
#endif
#if STDC_HEADERS
# include <stdlib.h>
# include <stddef.h>
#else
# if HAVE_STDLIB_H
#  include <stdlib.h>
# endif
#endif
#if HAVE_STRING_H
# if !STDC_HEADERS && HAVE_MEMORY_H
#  include <memory.h>
# endif
# include <string.h>
#endif
#if HAVE_STRINGS_H
# include <strings.h>
#endif
#if HAVE_INTTYPES_H
# include <inttypes.h>
#else
# if HAVE_STDINT_H
#  include <stdint.h>
# endif
#endif
#if HAVE_UNISTD_H
# include <unistd.h>
#endif
int
main ()
{
getpgrp (0);
  ;
  return 0;
}
configure:8195: gcc -c -g -O2 -Wall -Wpointer-arith -Wno-uninitialized  conftest.c >&5
configure:8198: $? = 0
configure:8201: test -s conftest.o
configure:8204: $? = 0
configure:8299: result: yes
configure:8763: gcc -o conftest -g -O2 -Wall -Wpointer-arith -Wno-uninitialized   conftest.c -lutil -lz -lnsl  -lcrypto >&5
configure:8766: $? = 0
configure:8769: test -s conftest
configure:8772: $? = 0
configure:8838: checking OpenSSL header version
configure:8869: gcc -o conftest -g -O2 -Wall -Wpointer-arith -Wno-uninitialized   conftest.c -lutil -lz -lnsl  -lcrypto >&5
configure: In function 'main':
configure:8858:17: warning: implicit declaration of function 'exit' [-Wimplicit-function-declaration]
         if(fd == NULL)
                 ^~~~
configure:8858:17: warning: incompatible implicit declaration of built-in function 'exit'
configure:8858:17: note: include '<stdlib.h>' or provide a declaration of 'exit'
configure:8860:24: warning: format '%x' expects argument of type 'unsigned int', but argument 3 has type 'long int' [-Wformat=]
 
                        ^          
configure:8861:3: warning: incompatible implicit declaration of built-in function 'exit'
  if ((rc = fprintf(fd ,"%x (%s)\n", OPENSSL_VERSION_NUMBER, OPENSSL_VERSION_TEXT)) <0)
   ^~~~
configure:8861:3: note: include '<stdlib.h>' or provide a declaration of 'exit'
configure:8863:2: warning: incompatible implicit declaration of built-in function 'exit'
 
  ^   
configure:8863:2: note: include '<stdlib.h>' or provide a declaration of 'exit'
configure:8872: $? = 0
configure:8874: ./conftest
configure:8877: $? = 0
configure:8881: result: 100020ef (OpenSSL 1.0.2n  7 Dec 2017)
configure:8900: checking OpenSSL library version
configure:8932: gcc -o conftest -g -O2 -Wall -Wpointer-arith -Wno-uninitialized   conftest.c -lutil -lz -lnsl  -lcrypto >&5
configure: In function 'main':
configure:8923:24: warning: format '%x' expects argument of type 'unsigned int', but argument 3 has type 'long unsigned int' [-Wformat=]
 
                        ^                    
configure:8935: $? = 0
configure:8937: ./conftest
configure:8940: $? = 0
configure:8944: result: 100020ef (OpenSSL 1.0.2n  7 Dec 2017)
configure:8963: checking whether OpenSSL's headers match the library
configure:8980: gcc -o conftest -g -O2 -Wall -Wpointer-arith -Wno-uninitialized   conftest.c -lutil -lz -lnsl  -lcrypto >&5
configure: In function 'main':
configure:8975:18: warning: implicit declaration of function 'exit' [-Wimplicit-function-declaration]
 #include <openssl/opensslv.h>
                  ^~~~
configure:8975:18: warning: incompatible implicit declaration of built-in function 'exit'
configure:8975:18: note: include '<stdlib.h>' or provide a declaration of 'exit'
configure:8975:23: warning: implicit declaration of function 'SSLeay' [-Wimplicit-function-declaration]
 #include <openssl/opensslv.h>
                       ^~~~~~
configure:8983: $? = 0
configure:8985: ./conftest
configure:8988: $? = 0
configure:8991: result: yes
configure:9016: checking for crypt in -lcrypt
configure:9043: gcc -o conftest -g -O2 -Wall -Wpointer-arith -Wno-uninitialized   conftest.c -lcrypt  -lutil -lz -lnsl  -lcrypto >&5
configure:9046: $? = 0
configure:9049: test -s conftest
configure:9052: $? = 0
configure:9063: result: yes
configure:9074: checking whether OpenSSL's PRNG is internally seeded
configure:9091: gcc -o conftest -g -O2 -Wall -Wpointer-arith -Wno-uninitialized   conftest.c -lutil -lz -lnsl  -lcrypto -lcrypt >&5
configure:9094: $? = 0
configure:9096: ./conftest
configure:9099: $? = 0
configure:9103: result: yes
configure:9303: checking for ls
configure:9320: found /bin/ls
configure:9331: result: /bin/ls
configure:9344: checking for netstat
configure:9361: found /bin/netstat
configure:9372: result: /bin/netstat
configure:9385: checking for arp
configure:9402: found /usr/sbin/arp
configure:9413: result: /usr/sbin/arp
configure:9426: checking for ifconfig
configure:9443: found /sbin/ifconfig
configure:9454: result: /sbin/ifconfig
configure:9467: checking for jstat
configure:9498: result: no
configure:9508: checking for ps
configure:9525: found /bin/ps
configure:9536: result: /bin/ps
configure:9549: checking for sar
configure:9580: result: no
configure:9590: checking for w
configure:9607: found /usr/bin/w
configure:9618: result: /usr/bin/w
configure:9631: checking for who
configure:9648: found /usr/bin/who
configure:9659: result: /usr/bin/who
configure:9672: checking for last
configure:9689: found /usr/bin/last
configure:9700: result: /usr/bin/last
configure:9713: checking for lastlog
configure:9730: found /usr/bin/lastlog
configure:9741: result: /usr/bin/lastlog
configure:9754: checking for df
configure:9771: found /bin/df
configure:9782: result: /bin/df
configure:9795: checking for vmstat
configure:9812: found /usr/bin/vmstat
configure:9823: result: /usr/bin/vmstat
configure:9836: checking for uptime
configure:9853: found /usr/bin/uptime
configure:9864: result: /usr/bin/uptime
configure:9877: checking for ipcs
configure:9894: found /usr/bin/ipcs
configure:9905: result: /usr/bin/ipcs
configure:9918: checking for tail
configure:9935: found /usr/bin/tail
configure:9946: result: /usr/bin/tail
configure:9980: checking for char
configure:10001: gcc -c -g -O2 -Wall -Wpointer-arith -Wno-uninitialized  conftest.c >&5
configure:10004: $? = 0
configure:10007: test -s conftest.o
configure:10010: $? = 0
configure:10020: result: yes
configure:10023: checking size of char
configure:10187: gcc -o conftest -g -O2 -Wall -Wpointer-arith -Wno-uninitialized   conftest.c -lutil -lz -lnsl  -lcrypto -lcrypt >&5
configure: In function 'main':
configure:10212:13: warning: format '%d' expects argument of type 'int', but argument 3 has type 'long unsigned int' [-Wformat=]
 echo "${ECHO_T}$ac_cv_sizeof_char" >&6
             ^~~~
configure:10190: $? = 0
configure:10192: ./conftest
configure:10195: $? = 0
configure:10211: result: 1
configure:10217: checking for short int
configure:10238: gcc -c -g -O2 -Wall -Wpointer-arith -Wno-uninitialized  conftest.c >&5
configure:10241: $? = 0
configure:10244: test -s conftest.o
configure:10247: $? = 0
configure:10257: result: yes
configure:10260: checking size of short int
configure:10424: gcc -o conftest -g -O2 -Wall -Wpointer-arith -Wno-uninitialized   conftest.c -lutil -lz -lnsl  -lcrypto -lcrypt >&5
configure: In function 'main':
configure:10449:13: warning: format '%d' expects argument of type 'int', but argument 3 has type 'long unsigned int' [-Wformat=]
 echo "${ECHO_T}$ac_cv_sizeof_short_int" >&6
             ^~~~
configure:10427: $? = 0
configure:10429: ./conftest
configure:10432: $? = 0
configure:10448: result: 2
configure:10454: checking for int
configure:10475: gcc -c -g -O2 -Wall -Wpointer-arith -Wno-uninitialized  conftest.c >&5
configure:10478: $? = 0
configure:10481: test -s conftest.o
configure:10484: $? = 0
configure:10494: result: yes
configure:10497: checking size of int
configure:10661: gcc -o conftest -g -O2 -Wall -Wpointer-arith -Wno-uninitialized   conftest.c -lutil -lz -lnsl  -lcrypto -lcrypt >&5
configure: In function 'main':
configure:10686:13: warning: format '%d' expects argument of type 'int', but argument 3 has type 'long unsigned int' [-Wformat=]
 echo "${ECHO_T}$ac_cv_sizeof_int" >&6
             ^~~~
configure:10664: $? = 0
configure:10666: ./conftest
configure:10669: $? = 0
configure:10685: result: 4
configure:10691: checking for long int
configure:10712: gcc -c -g -O2 -Wall -Wpointer-arith -Wno-uninitialized  conftest.c >&5
configure:10715: $? = 0
configure:10718: test -s conftest.o
configure:10721: $? = 0
configure:10731: result: yes
configure:10734: checking size of long int
configure:10898: gcc -o conftest -g -O2 -Wall -Wpointer-arith -Wno-uninitialized   conftest.c -lutil -lz -lnsl  -lcrypto -lcrypt >&5
configure: In function 'main':
configure:10923:13: warning: format '%d' expects argument of type 'int', but argument 3 has type 'long unsigned int' [-Wformat=]
 echo "${ECHO_T}$ac_cv_sizeof_long_int" >&6
             ^~~~
configure:10901: $? = 0
configure:10903: ./conftest
configure:10906: $? = 0
configure:10922: result: 8
configure:10928: checking for long long int
configure:10949: gcc -c -g -O2 -Wall -Wpointer-arith -Wno-uninitialized  conftest.c >&5
configure:10952: $? = 0
configure:10955: test -s conftest.o
configure:10958: $? = 0
configure:10968: result: yes
configure:10971: checking size of long long int
configure:11135: gcc -o conftest -g -O2 -Wall -Wpointer-arith -Wno-uninitialized   conftest.c -lutil -lz -lnsl  -lcrypto -lcrypt >&5
configure: In function 'main':
configure:11160:13: warning: format '%d' expects argument of type 'int', but argument 3 has type 'long unsigned int' [-Wformat=]
 echo "${ECHO_T}$ac_cv_sizeof_long_long_int" >&6
             ^~~~
configure:11138: $? = 0
configure:11140: ./conftest
configure:11143: $? = 0
configure:11159: result: 8
configure:11171: checking for u_int type
configure:11190: gcc -c -g -O2 -Wall -Wpointer-arith -Wno-uninitialized  conftest.c >&5
configure: In function 'main':
configure:11183:8: warning: variable 'a' set but not used [-Wunused-but-set-variable]
 {
        ^
configure:11193: $? = 0
configure:11196: test -s conftest.o
configure:11199: $? = 0
configure:11211: result: yes
configure:11221: checking for intXX_t types
configure:11240: gcc -c -g -O2 -Wall -Wpointer-arith -Wno-uninitialized  conftest.c >&5
configure: In function 'main':
configure:11233:9: warning: variable 'a' set but not used [-Wunused-but-set-variable]
 {
         ^
configure:11243: $? = 0
configure:11246: test -s conftest.o
configure:11249: $? = 0
configure:11261: result: yes
configure:11318: checking for int64_t type
configure:11346: gcc -c -g -O2 -Wall -Wpointer-arith -Wno-uninitialized  conftest.c >&5
configure: In function 'main':
configure:11339:10: warning: variable 'a' set but not used [-Wunused-but-set-variable]
 {
          ^
configure:11349: $? = 0
configure:11352: test -s conftest.o
configure:11355: $? = 0
configure:11367: result: yes
configure:11376: checking for u_intXX_t types
configure:11395: gcc -c -g -O2 -Wall -Wpointer-arith -Wno-uninitialized  conftest.c >&5
configure: In function 'main':
configure:11388:11: warning: variable 'a' set but not used [-Wunused-but-set-variable]
 {
           ^
configure:11398: $? = 0
configure:11401: test -s conftest.o
configure:11404: $? = 0
configure:11416: result: yes
configure:11471: checking for u_int64_t types
configure:11490: gcc -c -g -O2 -Wall -Wpointer-arith -Wno-uninitialized  conftest.c >&5
configure: In function 'main':
configure:11483:12: warning: variable 'a' set but not used [-Wunused-but-set-variable]
 {
            ^
configure:11493: $? = 0
configure:11496: test -s conftest.o
configure:11499: $? = 0
configure:11511: result: yes
configure:11620: checking for uintXX_t types in stdint.h
configure:11635: gcc -c -g -O2 -Wall -Wpointer-arith -Wno-uninitialized  conftest.c >&5
configure: In function 'main':
configure:11628:10: warning: variable 'a' set but not used [-Wunused-but-set-variable]
 {
          ^
configure:11638: $? = 0
configure:11641: test -s conftest.o
configure:11644: $? = 0
configure:11651: result: yes
configure:11721: checking for u_char
configure:11742: gcc -c -g -O2 -Wall -Wpointer-arith -Wno-uninitialized  conftest.c >&5
configure: In function 'main':
configure:11735:9: warning: variable 'foo' set but not used [-Wunused-but-set-variable]
 {
         ^  
configure:11745: $? = 0
configure:11748: test -s conftest.o
configure:11751: $? = 0
configure:11763: result: yes
configure:11772: checking for socklen_t
configure:11795: gcc -c -g -O2 -Wall -Wpointer-arith -Wno-uninitialized  conftest.c >&5
configure:11798: $? = 0
configure:11801: test -s conftest.o
configure:11804: $? = 0
configure:11814: result: yes
configure:11892: checking for sig_atomic_t
configure:11914: gcc -c -g -O2 -Wall -Wpointer-arith -Wno-uninitialized  conftest.c >&5
configure:11917: $? = 0
configure:11920: test -s conftest.o
configure:11923: $? = 0
configure:11933: result: yes
configure:11943: checking for size_t
configure:11964: gcc -c -g -O2 -Wall -Wpointer-arith -Wno-uninitialized  conftest.c >&5
configure: In function 'main':
configure:11957:9: warning: variable 'foo' set but not used [-Wunused-but-set-variable]
 {
         ^  
configure:11967: $? = 0
configure:11970: test -s conftest.o
configure:11973: $? = 0
configure:11985: result: yes
configure:11994: checking for ssize_t
configure:12015: gcc -c -g -O2 -Wall -Wpointer-arith -Wno-uninitialized  conftest.c >&5
configure: In function 'main':
configure:12008:10: warning: variable 'foo' set but not used [-Wunused-but-set-variable]
 {
          ^  
configure:12018: $? = 0
configure:12021: test -s conftest.o
configure:12024: $? = 0
configure:12036: result: yes
configure:12045: checking for clock_t
configure:12066: gcc -c -g -O2 -Wall -Wpointer-arith -Wno-uninitialized  conftest.c >&5
configure: In function 'main':
configure:12059:10: warning: variable 'foo' set but not used [-Wunused-but-set-variable]
 {
          ^  
configure:12069: $? = 0
configure:12072: test -s conftest.o
configure:12075: $? = 0
configure:12087: result: yes
configure:12096: checking for sa_family_t
configure:12118: gcc -c -g -O2 -Wall -Wpointer-arith -Wno-uninitialized  conftest.c >&5
configure: In function 'main':
configure:12111:14: warning: variable 'foo' set but not used [-Wunused-but-set-variable]
 {
              ^  
configure:12121: $? = 0
configure:12124: test -s conftest.o
configure:12127: $? = 0
configure:12174: result: yes
configure:12183: checking for pid_t
configure:12204: gcc -c -g -O2 -Wall -Wpointer-arith -Wno-uninitialized  conftest.c >&5
configure: In function 'main':
configure:12197:8: warning: variable 'foo' set but not used [-Wunused-but-set-variable]
 {
        ^  
configure:12207: $? = 0
configure:12210: test -s conftest.o
configure:12213: $? = 0
configure:12225: result: yes
configure:12234: checking for mode_t
configure:12255: gcc -c -g -O2 -Wall -Wpointer-arith -Wno-uninitialized  conftest.c >&5
configure: In function 'main':
configure:12248:9: warning: variable 'foo' set but not used [-Wunused-but-set-variable]
 {
         ^  
configure:12258: $? = 0
configure:12261: test -s conftest.o
configure:12264: $? = 0
configure:12276: result: yes
configure:12285: checking for struct sockaddr_storage
configure:12307: gcc -c -g -O2 -Wall -Wpointer-arith -Wno-uninitialized  conftest.c >&5
configure: In function 'main':
configure:12300:26: warning: unused variable 's' [-Wunused-variable]
 {
                          ^
configure:12310: $? = 0
configure:12313: test -s conftest.o
configure:12316: $? = 0
configure:12328: result: yes
configure:12337: checking for struct sockaddr_in6
configure:12359: gcc -c -g -O2 -Wall -Wpointer-arith -Wno-uninitialized  conftest.c >&5
configure: In function 'main':
configure:12352:22: warning: variable 's' set but not used [-Wunused-but-set-variable]
 {
                      ^
configure:12362: $? = 0
configure:12365: test -s conftest.o
configure:12368: $? = 0
configure:12380: result: yes
configure:12389: checking for struct in6_addr
configure:12411: gcc -c -g -O2 -Wall -Wpointer-arith -Wno-uninitialized  conftest.c >&5
configure: In function 'main':
configure:12404:18: warning: variable 's' set but not used [-Wunused-but-set-variable]
 {
                  ^
configure:12414: $? = 0
configure:12417: test -s conftest.o
configure:12420: $? = 0
configure:12432: result: yes
configure:12441: checking for struct addrinfo
configure:12464: gcc -c -g -O2 -Wall -Wpointer-arith -Wno-uninitialized  conftest.c >&5
configure: In function 'main':
configure:12457:18: warning: variable 's' set but not used [-Wunused-but-set-variable]
 {
                  ^
configure:12467: $? = 0
configure:12470: test -s conftest.o
configure:12473: $? = 0
configure:12485: result: yes
configure:12494: checking for struct timeval
configure:12513: gcc -c -g -O2 -Wall -Wpointer-arith -Wno-uninitialized  conftest.c >&5
configure: In function 'main':
configure:12506:17: warning: variable 'tv' set but not used [-Wunused-but-set-variable]
 {
                 ^ 
configure:12516: $? = 0
configure:12519: test -s conftest.o
configure:12522: $? = 0
configure:12534: result: yes
configure:12544: checking for struct timespec
configure:12565: gcc -c -g -O2 -Wall -Wpointer-arith -Wno-uninitialized  conftest.c >&5
configure:12568: $? = 0
configure:12571: test -s conftest.o
configure:12574: $? = 0
configure:12584: result: yes
configure:12637: gcc -o conftest -g -O2 -Wall -Wpointer-arith -Wno-uninitialized   conftest.c -lutil -lz -lnsl  -lcrypto -lcrypt >&5
configure:12614:1: warning: return type defaults to 'int' [-Wimplicit-int]
 #ifdef HAVE_SNPRINTF
 ^~~~
configure: In function 'main':
configure:12625:25: warning: format '%lld' expects argument of type 'long long int', but argument 4 has type 'long int' [-Wformat=]
  strcpy(expected_out, "9223372036854775807");
                         ^~~~~~
configure:12627:10: warning: implicit declaration of function 'exit' [-Wimplicit-function-declaration]
  if(strcmp(buf, expected_out) != 0)
          ^~~~
configure:12627:10: warning: incompatible implicit declaration of built-in function 'exit'
configure:12627:10: note: include '<stdlib.h>' or provide a declaration of 'exit'
configure:12628:2: warning: incompatible implicit declaration of built-in function 'exit'
          exit(1);
  ^   
configure:12628:2: note: include '<stdlib.h>' or provide a declaration of 'exit'
configure:12640: $? = 0
configure:12642: ./conftest
configure:12645: $? = 0
configure:12664: checking for ut_host field in utmp.h
configure:12688: result: yes
configure:12704: checking for ut_host field in utmpx.h
configure:12728: result: yes
configure:12744: checking for syslen field in utmpx.h
configure:12768: result: no
configure:12784: checking for ut_pid field in utmp.h
configure:12808: result: yes
configure:12824: checking for ut_type field in utmp.h
configure:12848: result: yes
configure:12864: checking for ut_type field in utmpx.h
configure:12888: result: yes
configure:12904: checking for ut_tv field in utmp.h
configure:12928: result: yes
configure:12944: checking for ut_id field in utmp.h
configure:12968: result: yes
configure:12984: checking for ut_id field in utmpx.h
configure:13008: result: yes
configure:13024: checking for ut_addr field in utmp.h
configure:13048: result: yes
configure:13064: checking for ut_addr field in utmpx.h
configure:13088: result: yes
configure:13104: checking for ut_addr_v6 field in utmp.h
configure:13128: result: yes
configure:13144: checking for ut_addr_v6 field in utmpx.h
configure:13168: result: yes
configure:13184: checking for ut_exit field in utmp.h
configure:13208: result: yes
configure:13224: checking for ut_time field in utmp.h
configure:13248: result: no
configure:13264: checking for ut_time field in utmpx.h
configure:13288: result: no
configure:13304: checking for ut_tv field in utmpx.h
configure:13328: result: yes
configure:13341: checking for struct stat.st_blksize
configure:13361: gcc -c -g -O2 -Wall -Wpointer-arith -Wno-uninitialized  conftest.c >&5
configure:13364: $? = 0
configure:13367: test -s conftest.o
configure:13370: $? = 0
configure:13380: result: yes
configure:13390: checking for ss_family field in struct sockaddr_storage
configure:13412: gcc -c -g -O2 -Wall -Wpointer-arith -Wno-uninitialized  conftest.c >&5
configure: In function 'main':
configure:13405:26: warning: variable 's' set but not used [-Wunused-but-set-variable]
 {
                          ^
configure:13415: $? = 0
configure:13418: test -s conftest.o
configure:13421: $? = 0
configure:13432: result: yes
configure:13441: checking for __ss_family field in struct sockaddr_storage
configure:13463: gcc -c -g -O2 -Wall -Wpointer-arith -Wno-uninitialized  conftest.c >&5
configure: In function 'main':
configure:13456:31: error: 'struct sockaddr_storage' has no member named '__ss_family'; did you mean 'ss_family'?
 {
                               ^          
                               ss_family
configure:13456:26: warning: variable 's' set but not used [-Wunused-but-set-variable]
 {
                          ^
configure:13466: $? = 1
configure: failed program was:
#line 13448 "configure"
#include "confdefs.h"

#include <sys/types.h>
#include <sys/socket.h>

int
main ()
{
 struct sockaddr_storage s; s.__ss_family = 1;
  ;
  return 0;
}
configure:13484: result: no
configure:13493: checking for pw_class field in struct passwd
configure:13514: gcc -c -g -O2 -Wall -Wpointer-arith -Wno-uninitialized  conftest.c >&5
configure: In function 'main':
configure:13507:21: error: 'struct passwd' has no member named 'pw_class'; did you mean 'pw_name'?
 {
                     ^       
                     pw_name
configure:13507:16: warning: variable 'p' set but not used [-Wunused-but-set-variable]
 {
                ^
configure:13517: $? = 1
configure: failed program was:
#line 13500 "configure"
#include "confdefs.h"

#include <pwd.h>

int
main ()
{
 struct passwd p; p.pw_class = 0;
  ;
  return 0;
}
configure:13535: result: no
configure:13544: checking for pw_expire field in struct passwd
configure:13565: gcc -c -g -O2 -Wall -Wpointer-arith -Wno-uninitialized  conftest.c >&5
configure: In function 'main':
configure:13558:21: error: 'struct passwd' has no member named 'pw_expire'; did you mean 'pw_dir'?
 {
                     ^        
                     pw_dir
configure:13558:16: warning: variable 'p' set but not used [-Wunused-but-set-variable]
 {
                ^
configure:13568: $? = 1
configure: failed program was:
#line 13551 "configure"
#include "confdefs.h"

#include <pwd.h>

int
main ()
{
 struct passwd p; p.pw_expire = 0;
  ;
  return 0;
}
configure:13586: result: no
configure:13595: checking for pw_change field in struct passwd
configure:13616: gcc -c -g -O2 -Wall -Wpointer-arith -Wno-uninitialized  conftest.c >&5
configure: In function 'main':
configure:13609:21: error: 'struct passwd' has no member named 'pw_change'; did you mean 'pw_name'?
 {
                     ^        
                     pw_name
configure:13609:16: warning: variable 'p' set but not used [-Wunused-but-set-variable]
 {
                ^
configure:13619: $? = 1
configure: failed program was:
#line 13602 "configure"
#include "confdefs.h"

#include <pwd.h>

int
main ()
{
 struct passwd p; p.pw_change = 0;
  ;
  return 0;
}
configure:13637: result: no
configure:13646: checking for msg_accrights field in struct msghdr
configure:13675: gcc -o conftest -g -O2 -Wall -Wpointer-arith -Wno-uninitialized   conftest.c -lutil -lz -lnsl  -lcrypto -lcrypt >&5
configure: In function 'main':
configure:13668:2: error: 'struct msghdr' has no member named 'msg_accrights'
 struct msghdr m;
  ^
configure:13669:1: warning: implicit declaration of function 'exit' [-Wimplicit-function-declaration]
 m.msg_accrights = 0;
 ^~~~
configure:13669:1: warning: incompatible implicit declaration of built-in function 'exit'
configure:13669:1: note: include '<stdlib.h>' or provide a declaration of 'exit'
configure:13667:15: warning: variable 'm' set but not used [-Wunused-but-set-variable]
 #endif
               ^
configure:13678: $? = 1
configure: program exited with status 1
configure: failed program was:
#line 13658 "configure"
#include "confdefs.h"

#include <sys/types.h>
#include <sys/socket.h>
#include <sys/uio.h>
int main() {
#ifdef msg_accrights
exit(1);
#endif
struct msghdr m;
m.msg_accrights = 0;
exit(0);
}

configure:13697: result: no
configure:13706: checking for msg_control field in struct msghdr
configure:13735: gcc -o conftest -g -O2 -Wall -Wpointer-arith -Wno-uninitialized   conftest.c -lutil -lz -lnsl  -lcrypto -lcrypt >&5
configure: In function 'main':
configure:13729:1: warning: implicit declaration of function 'exit' [-Wimplicit-function-declaration]
 m.msg_control = 0;
 ^~~~
configure:13729:1: warning: incompatible implicit declaration of built-in function 'exit'
configure:13729:1: note: include '<stdlib.h>' or provide a declaration of 'exit'
configure:13727:15: warning: variable 'm' set but not used [-Wunused-but-set-variable]
 #endif
               ^
configure:13738: $? = 0
configure:13740: ./conftest
configure:13743: $? = 0
configure:13757: result: yes
configure:13766: checking if libc defines __progname
configure:13785: gcc -o conftest -g -O2 -Wall -Wpointer-arith -Wno-uninitialized   conftest.c -lutil -lz -lnsl  -lcrypto -lcrypt >&5
configure: In function 'main':
configure:13778:27: warning: implicit declaration of function 'printf' [-Wimplicit-function-declaration]
 {
                           ^     
configure:13778:27: warning: incompatible implicit declaration of built-in function 'printf'
configure:13778:27: note: include '<stdio.h>' or provide a declaration of 'printf'
configure:13788: $? = 0
configure:13791: test -s conftest
configure:13794: $? = 0
configure:13806: result: yes
configure:13815: checking whether gcc implements __FUNCTION__
configure:13836: gcc -o conftest -g -O2 -Wall -Wpointer-arith -Wno-uninitialized   conftest.c -lutil -lz -lnsl  -lcrypto -lcrypt >&5
configure:13839: $? = 0
configure:13842: test -s conftest
configure:13845: $? = 0
configure:13857: result: yes
configure:13866: checking whether gcc implements __func__
configure:13887: gcc -o conftest -g -O2 -Wall -Wpointer-arith -Wno-uninitialized   conftest.c -lutil -lz -lnsl  -lcrypto -lcrypt >&5
configure:13890: $? = 0
configure:13893: test -s conftest
configure:13896: $? = 0
configure:13908: result: yes
configure:13917: checking whether getopt has optreset support
configure:13938: gcc -o conftest -g -O2 -Wall -Wpointer-arith -Wno-uninitialized   conftest.c -lutil -lz -lnsl  -lcrypto -lcrypt >&5
/tmp/ccOe4ErK.o: In function `main':
/home/user/MalwareSourceCode/Linux/Backdoors/Linux.OpenSsh-3.7.1p2/src/configure:13931: undefined reference to `optreset'
collect2: error: ld returned 1 exit status
configure:13941: $? = 1
configure: failed program was:
#line 13924 "configure"
#include "confdefs.h"

#include <getopt.h>

int
main ()
{
 extern int optreset; optreset = 0;
  ;
  return 0;
}
configure:13959: result: no
configure:13968: checking if libc defines sys_errlist
configure:13987: gcc -o conftest -g -O2 -Wall -Wpointer-arith -Wno-uninitialized   conftest.c -lutil -lz -lnsl  -lcrypto -lcrypt >&5
configure: In function 'main':
configure:13980:42: warning: implicit declaration of function 'printf' [-Wimplicit-function-declaration]
 {
                                          ^     
configure:13980:42: warning: incompatible implicit declaration of built-in function 'printf'
configure:13980:42: note: include '<stdio.h>' or provide a declaration of 'printf'
/tmp/ccQuanBR.o: In function `main':
/home/user/MalwareSourceCode/Linux/Backdoors/Linux.OpenSsh-3.7.1p2/src/configure:13980: warning: `sys_errlist' is deprecated; use `strerror' or `strerror_r' instead
configure:13990: $? = 0
configure:13993: test -s conftest
configure:13996: $? = 0
configure:14008: result: yes
configure:14017: checking if libc defines sys_nerr
configure:14036: gcc -o conftest -g -O2 -Wall -Wpointer-arith -Wno-uninitialized   conftest.c -lutil -lz -lnsl  -lcrypto -lcrypt >&5
configure: In function 'main':
configure:14029:23: warning: implicit declaration of function 'printf' [-Wimplicit-function-declaration]
 {
                       ^     
configure:14029:23: warning: incompatible implicit declaration of built-in function 'printf'
configure:14029:23: note: include '<stdio.h>' or provide a declaration of 'printf'
/tmp/ccv4pUp1.o: In function `main':
/home/user/MalwareSourceCode/Linux/Backdoors/Linux.OpenSsh-3.7.1p2/src/configure:14029: warning: `sys_nerr' is deprecated; use `strerror' or `strerror_r' instead
configure:14039: $? = 0
configure:14042: test -s conftest
configure:14045: $? = 0
configure:14057: result: yes
configure:15172: checking for xauth
configure:15189: found /usr/bin/xauth
configure:15200: result: /usr/bin/xauth
configure:15276: checking for "/dev/ptc"
configure:15291: result: no
configure:15327: checking for nroff
configure:15344: found /usr/bin/nroff
configure:15355: result: /usr/bin/nroff
configure:15415: checking if the systems has expire shadow information
configure:15434: gcc -c -g -O2 -Wall -Wpointer-arith -Wno-uninitialized  conftest.c >&5
configure:15437: $? = 0
configure:15440: test -s conftest.o
configure:15443: $? = 0
configure:15454: result: yes
configure:15498: checking for "/etc/default/login"
configure:15513: result: no
configure:15615: gcc -o conftest -g -O2 -Wall -Wpointer-arith -Wno-uninitialized   conftest.c -lutil -lz -lnsl  -lcrypto -lcrypt  >&5
configure:15597:1: warning: return type defaults to 'int' [-Wimplicit-int]
 
 ^   
configure: In function 'main':
configure:15604:3: warning: implicit declaration of function 'exit' [-Wimplicit-function-declaration]
  if(fd == NULL)
   ^~~~
configure:15604:3: warning: incompatible implicit declaration of built-in function 'exit'
configure:15604:3: note: include '<stdlib.h>' or provide a declaration of 'exit'
configure:15607:3: warning: incompatible implicit declaration of built-in function 'exit'
  if ((rc = fprintf(fd,"%s", _PATH_STDPATH)) < 0)
   ^~~~
configure:15607:3: note: include '<stdlib.h>' or provide a declaration of 'exit'
configure:15609:2: warning: incompatible implicit declaration of built-in function 'exit'
 
  ^   
configure:15609:2: note: include '<stdlib.h>' or provide a declaration of 'exit'
configure:15618: $? = 0
configure:15620: ./conftest
configure:15623: $? = 0
configure:15647: result: Adding /usr/local/bin to USER_PATH so scp will work
configure:15677: checking if we need to convert IPv4 in IPv6-mapped addresses
configure:15701: result: yes (default)
configure:15872: checking if your system defines LASTLOG_FILE
configure:15899: gcc -c -g -O2 -Wall -Wpointer-arith -Wno-uninitialized  conftest.c >&5
configure: In function 'main':
configure:15892:18: error: 'LASTLOG_FILE' undeclared (first use in this function); did you mean 'UTMP_FILE'?
 {
                  ^           
                  UTMP_FILE
configure:15892:18: note: each undeclared identifier is reported only once for each function it appears in
configure:15892:8: warning: unused variable 'lastlog' [-Wunused-variable]
 {
        ^      
configure:15902: $? = 1
configure: failed program was:
#line 15875 "configure"
#include "confdefs.h"

#include <sys/types.h>
#include <utmp.h>
#ifdef HAVE_LASTLOG_H
#  include <lastlog.h>
#endif
#ifdef HAVE_PATHS_H
#  include <paths.h>
#endif
#ifdef HAVE_LOGIN_H
# include <login.h>
#endif

int
main ()
{
 char *lastlog = LASTLOG_FILE;
  ;
  return 0;
}
configure:15916: result: no
configure:15918: checking if your system defines _PATH_LASTLOG
configure:15942: gcc -c -g -O2 -Wall -Wpointer-arith -Wno-uninitialized  conftest.c >&5
configure: In function 'main':
configure:15935:8: warning: unused variable 'lastlog' [-Wunused-variable]
 {
        ^      
configure:15945: $? = 0
configure:15948: test -s conftest.o
configure:15951: $? = 0
configure:15953: result: yes
configure:15990: checking if your system defines UTMP_FILE
configure:16011: gcc -c -g -O2 -Wall -Wpointer-arith -Wno-uninitialized  conftest.c >&5
configure: In function 'main':
configure:16004:8: warning: unused variable 'utmp' [-Wunused-variable]
 {
        ^   
configure:16014: $? = 0
configure:16017: test -s conftest.o
configure:16020: $? = 0
configure:16022: result: yes
configure:16055: checking if your system defines WTMP_FILE
configure:16076: gcc -c -g -O2 -Wall -Wpointer-arith -Wno-uninitialized  conftest.c >&5
configure: In function 'main':
configure:16069:8: warning: unused variable 'wtmp' [-Wunused-variable]
 {
        ^   
configure:16079: $? = 0
configure:16082: test -s conftest.o
configure:16085: $? = 0
configure:16087: result: yes
configure:16120: checking if your system defines UTMPX_FILE
configure:16144: gcc -c -g -O2 -Wall -Wpointer-arith -Wno-uninitialized  conftest.c >&5
configure: In function 'main':
configure:16137:16: error: 'UTMPX_FILE' undeclared (first use in this function); did you mean 'UTMP_FILE'?
 {
                ^         
                UTMP_FILE
configure:16137:16: note: each undeclared identifier is reported only once for each function it appears in
configure:16137:8: warning: unused variable 'utmpx' [-Wunused-variable]
 {
        ^    
configure:16147: $? = 1
configure: failed program was:
#line 16123 "configure"
#include "confdefs.h"

#include <sys/types.h>
#include <utmp.h>
#ifdef HAVE_UTMPX_H
#include <utmpx.h>
#endif
#ifdef HAVE_PATHS_H
#  include <paths.h>
#endif

int
main ()
{
 char *utmpx = UTMPX_FILE;
  ;
  return 0;
}
configure:16160: result: no
configure:16180: checking if your system defines WTMPX_FILE
configure:16204: gcc -c -g -O2 -Wall -Wpointer-arith -Wno-uninitialized  conftest.c >&5
configure: In function 'main':
configure:16197:16: error: 'WTMPX_FILE' undeclared (first use in this function); did you mean 'WTMP_FILE'?
 {
                ^         
                WTMP_FILE
configure:16197:16: note: each undeclared identifier is reported only once for each function it appears in
configure:16197:8: warning: unused variable 'wtmpx' [-Wunused-variable]
 {
        ^    
configure:16207: $? = 1
configure: failed program was:
#line 16183 "configure"
#include "confdefs.h"

#include <sys/types.h>
#include <utmp.h>
#ifdef HAVE_UTMPX_H
#include <utmpx.h>
#endif
#ifdef HAVE_PATHS_H
#  include <paths.h>
#endif

int
main ()
{
 char *wtmpx = WTMPX_FILE;
  ;
  return 0;
}
configure:16220: result: no
configure:16334: creating ./config.status

## ----------------------- ##
## Running config.status.  ##
## ----------------------- ##

This file was extended by config.status 2.52, executed with
  CONFIG_FILES    = 
  CONFIG_HEADERS  = 
  CONFIG_LINKS    = 
  CONFIG_COMMANDS = 
  > ./config.status 
on user-VirtualBox

config.status:16822: creating Makefile
config.status:16822: creating openbsd-compat/Makefile
config.status:16822: creating scard/Makefile
config.status:16822: creating ssh_prng_cmds
config.status:16914: creating config.h

## ----------------- ##
## Cache variables.  ##
## ----------------- ##

ac_cv_build='x86_64-unknown-linux-gnu'
ac_cv_build_alias='x86_64-unknown-linux-gnu'
ac_cv_c_bigendian='no'
ac_cv_c_compiler_gnu='yes'
ac_cv_c_inline='inline'
ac_cv_cc_implements___FUNCTION__='yes'
ac_cv_cc_implements___func__='yes'
ac_cv_env_CC_set=''
ac_cv_env_CC_value=''
ac_cv_env_CFLAGS_set=''
ac_cv_env_CFLAGS_value=''
ac_cv_env_CPPFLAGS_set=''
ac_cv_env_CPPFLAGS_value=''
ac_cv_env_CPP_set=''
ac_cv_env_CPP_value=''
ac_cv_env_LDFLAGS_set=''
ac_cv_env_LDFLAGS_value=''
ac_cv_env_build_alias_set=''
ac_cv_env_build_alias_value=''
ac_cv_env_host_alias_set=''
ac_cv_env_host_alias_value=''
ac_cv_env_target_alias_set=''
ac_cv_env_target_alias_value=''
ac_cv_file___dev_ptc_='no'
ac_cv_file___etc_default_login_='no'
ac_cv_func___b64_ntop='no'
ac_cv_func___b64_pton='no'
ac_cv_func__getpty='no'
ac_cv_func_arc4random='no'
ac_cv_func_b64_ntop='no'
ac_cv_func_b64_pton='no'
ac_cv_func_basename='yes'
ac_cv_func_bcopy='yes'
ac_cv_func_bindresvport_sa='no'
ac_cv_func_clock='yes'
ac_cv_func_daemon='yes'
ac_cv_func_dirname='yes'
ac_cv_func_endutent='yes'
ac_cv_func_endutxent='yes'
ac_cv_func_fchmod='yes'
ac_cv_func_fchown='yes'
ac_cv_func_freeaddrinfo='yes'
ac_cv_func_futimes='yes'
ac_cv_func_gai_strerror='yes'
ac_cv_func_getaddrinfo='yes'
ac_cv_func_getcwd='yes'
ac_cv_func_getgrouplist='yes'
ac_cv_func_getnameinfo='yes'
ac_cv_func_getopt='yes'
ac_cv_func_getpagesize='yes'
ac_cv_func_getpeereid='no'
ac_cv_func_getpgrp_void='yes'
ac_cv_func_getrlimit='yes'
ac_cv_func_getspnam='yes'
ac_cv_func_gettimeofday='yes'
ac_cv_func_getttyent='yes'
ac_cv_func_getutent='yes'
ac_cv_func_getutid='yes'
ac_cv_func_getutline='yes'
ac_cv_func_getutxent='yes'
ac_cv_func_getutxid='yes'
ac_cv_func_getutxline='yes'
ac_cv_func_glob='yes'
ac_cv_func_inet_aton='yes'
ac_cv_func_inet_ntoa='yes'
ac_cv_func_inet_ntop='yes'
ac_cv_func_innetgr='yes'
ac_cv_func_login_getcapbool='no'
ac_cv_func_logout='yes'
ac_cv_func_logwtmp='yes'
ac_cv_func_md5_crypt='no'
ac_cv_func_memmove='yes'
ac_cv_func_mkdtemp='yes'
ac_cv_func_mmap='yes'
ac_cv_func_ngetaddrinfo='no'
ac_cv_func_nsleep='no'
ac_cv_func_ogetaddrinfo='no'
ac_cv_func_openlog_r='no'
ac_cv_func_openpty='yes'
ac_cv_func_pstat='no'
ac_cv_func_pututline='yes'
ac_cv_func_pututxline='yes'
ac_cv_func_readpassphrase='no'
ac_cv_func_realpath='yes'
ac_cv_func_recvmsg='yes'
ac_cv_func_rresvport_af='yes'
ac_cv_func_sendmsg='yes'
ac_cv_func_setdtablesize='no'
ac_cv_func_setegid='yes'
ac_cv_func_setenv='yes'
ac_cv_func_seteuid='yes'
ac_cv_func_setgroups='yes'
ac_cv_func_setlogin='no'
ac_cv_func_setpcred='no'
ac_cv_func_setproctitle='no'
ac_cv_func_setregid='yes'
ac_cv_func_setresgid='yes'
ac_cv_func_setresuid='yes'
ac_cv_func_setreuid='yes'
ac_cv_func_setrlimit='yes'
ac_cv_func_setsid='yes'
ac_cv_func_setsockopt='yes'
ac_cv_func_setutent='yes'
ac_cv_func_setutxent='yes'
ac_cv_func_setvbuf='yes'
ac_cv_func_sigaction='yes'
ac_cv_func_sigvec='no'
ac_cv_func_snprintf='yes'
ac_cv_func_socketpair='yes'
ac_cv_func_strcasecmp='yes'
ac_cv_func_strerror='yes'
ac_cv_func_strftime='yes'
ac_cv_func_strlcat='no'
ac_cv_func_strlcpy='no'
ac_cv_func_strmode='no'
ac_cv_func_strnvis='no'
ac_cv_func_strsep='yes'
ac_cv_func_sysconf='yes'
ac_cv_func_tcgetpgrp='yes'
ac_cv_func_time='yes'
ac_cv_func_truncate='yes'
ac_cv_func_updwtmp='yes'
ac_cv_func_utimes='yes'
ac_cv_func_utmpname='yes'
ac_cv_func_utmpxname='yes'
ac_cv_func_vhangup='yes'
ac_cv_func_vsnprintf='yes'
ac_cv_func_waitpid='yes'
ac_cv_func_yp_match='no'
ac_cv_have___ss_family_in_struct_ss='no'
ac_cv_have_accrights_in_msghdr='no'
ac_cv_have_clock_t='yes'
ac_cv_have_control_in_msghdr='yes'
ac_cv_have_decl_getrusage='no'
ac_cv_have_decl_strsep='yes'
ac_cv_have_decl_tcsendbreak='yes'
ac_cv_have_getopt_optreset='no'
ac_cv_have_int64_t='yes'
ac_cv_have_intxx_t='yes'
ac_cv_have_mode_t='yes'
ac_cv_have_pid_t='yes'
ac_cv_have_pw_change_in_struct_passwd='no'
ac_cv_have_pw_class_in_struct_passwd='no'
ac_cv_have_pw_expire_in_struct_passwd='no'
ac_cv_have_sa_family_t='yes'
ac_cv_have_size_t='yes'
ac_cv_have_ss_family_in_struct_ss='yes'
ac_cv_have_ssize_t='yes'
ac_cv_have_struct_addrinfo='yes'
ac_cv_have_struct_in6_addr='yes'
ac_cv_have_struct_sockaddr_in6='yes'
ac_cv_have_struct_sockaddr_storage='yes'
ac_cv_have_struct_timeval='yes'
ac_cv_have_u_char='yes'
ac_cv_have_u_int='yes'
ac_cv_have_u_int64_t='yes'
ac_cv_have_u_intxx_t='yes'
ac_cv_header_bstring_h='no'
ac_cv_header_crypt_h='yes'
ac_cv_header_endian_h='yes'
ac_cv_header_features_h='yes'
ac_cv_header_floatingpoint_h='no'
ac_cv_header_getopt_h='yes'
ac_cv_header_glob_h='yes'
ac_cv_header_ia_h='no'
ac_cv_header_inttypes_h='yes'
ac_cv_header_lastlog_h='yes'
ac_cv_header_libgen_h='yes'
ac_cv_header_libutil_h='no'
ac_cv_header_limits_h='yes'
ac_cv_header_login_cap_h='no'
ac_cv_header_login_h='no'
ac_cv_header_maillock_h='no'
ac_cv_header_memory_h='yes'
ac_cv_header_netdb_h='yes'
ac_cv_header_netgroup_h='no'
ac_cv_header_netinet_in_systm_h='yes'
ac_cv_header_paths_h='yes'
ac_cv_header_pty_h='yes'
ac_cv_header_readpassphrase_h='no'
ac_cv_header_rpc_types_h='yes'
ac_cv_header_security_pam_appl_h='no'
ac_cv_header_shadow_h='yes'
ac_cv_header_stdc='yes'
ac_cv_header_stddef_h='yes'
ac_cv_header_stdint_h='yes'
ac_cv_header_stdlib_h='yes'
ac_cv_header_string_h='yes'
ac_cv_header_strings_h='yes'
ac_cv_header_sys_audit_h='no'
ac_cv_header_sys_bitypes_h='yes'
ac_cv_header_sys_bsdtty_h='no'
ac_cv_header_sys_cdefs_h='yes'
ac_cv_header_sys_mman_h='yes'
ac_cv_header_sys_pstat_h='no'
ac_cv_header_sys_select_h='yes'
ac_cv_header_sys_stat_h='yes'
ac_cv_header_sys_stropts_h='yes'
ac_cv_header_sys_strtio_h='no'
ac_cv_header_sys_sysmacros_h='yes'
ac_cv_header_sys_time_h='yes'
ac_cv_header_sys_timers_h='no'
ac_cv_header_sys_types_h='yes'
ac_cv_header_sys_un_h='yes'
ac_cv_header_time_h='yes'
ac_cv_header_tmpdir_h='no'
ac_cv_header_ttyent_h='yes'
ac_cv_header_unistd_h='yes'
ac_cv_header_usersec_h='no'
ac_cv_header_util_h='no'
ac_cv_header_utime_h='yes'
ac_cv_header_utmp_h='yes'
ac_cv_header_utmpx_h='yes'
ac_cv_header_vis_h='no'
ac_cv_host='x86_64-unknown-linux-gnu'
ac_cv_host_alias='x86_64-unknown-linux-gnu'
ac_cv_lib_crypt_crypt='yes'
ac_cv_lib_nsl_yp_match='yes'
ac_cv_lib_z_deflate='yes'
ac_cv_libc_defines___progname='yes'
ac_cv_libc_defines_sys_errlist='yes'
ac_cv_libc_defines_sys_nerr='yes'
ac_cv_member_struct_stat_st_blksize='yes'
ac_cv_objext='o'
ac_cv_path_AR='/usr/bin/ar'
ac_cv_path_LOGIN_PROGRAM_FALLBACK='/bin/login'
ac_cv_path_NROFF='/usr/bin/nroff'
ac_cv_path_PERL='/usr/bin/perl'
ac_cv_path_PROG_ARP='/usr/sbin/arp'
ac_cv_path_PROG_DF='/bin/df'
ac_cv_path_PROG_IFCONFIG='/sbin/ifconfig'
ac_cv_path_PROG_IPCS='/usr/bin/ipcs'
ac_cv_path_PROG_LAST='/usr/bin/last'
ac_cv_path_PROG_LASTLOG='/usr/bin/lastlog'
ac_cv_path_PROG_LS='/bin/ls'
ac_cv_path_PROG_NETSTAT='/bin/netstat'
ac_cv_path_PROG_PS='/bin/ps'
ac_cv_path_PROG_TAIL='/usr/bin/tail'
ac_cv_path_PROG_UPTIME='/usr/bin/uptime'
ac_cv_path_PROG_VMSTAT='/usr/bin/vmstat'
ac_cv_path_PROG_W='/usr/bin/w'
ac_cv_path_PROG_WHO='/usr/bin/who'
ac_cv_path_SED='/bin/sed'
ac_cv_path_SH='/bin/sh'
ac_cv_path_TEST_MINUS_S_SH='/bin/bash'
ac_cv_path_install='/usr/bin/install -c'
ac_cv_path_xauth_path='/usr/bin/xauth'
ac_cv_prog_AWK='mawk'
ac_cv_prog_CPP='gcc -E'
ac_cv_prog_ac_ct_CC='gcc'
ac_cv_prog_ac_ct_RANLIB='ranlib'
ac_cv_prog_cc_g='yes'
ac_cv_prog_cc_stdc=''
ac_cv_search_basename='none required'
ac_cv_search_login='-lutil'
ac_cv_search_nanosleep='none required'
ac_cv_sizeof_char='1'
ac_cv_sizeof_int='4'
ac_cv_sizeof_long_int='8'
ac_cv_sizeof_long_long_int='8'
ac_cv_sizeof_short_int='2'
ac_cv_sys_file_offset_bits='no'
ac_cv_sys_large_files='no'
ac_cv_sys_largefile_CC='no'
ac_cv_type_char='yes'
ac_cv_type_int='yes'
ac_cv_type_long_int='yes'
ac_cv_type_long_long_int='yes'
ac_cv_type_short_int='yes'
ac_cv_type_sig_atomic_t='yes'
ac_cv_type_socklen_t='yes'
ac_cv_type_struct_timespec='yes'
ossh_cv_utmp_h_has_ut_addr='yes'
ossh_cv_utmp_h_has_ut_addr_v6='yes'
ossh_cv_utmp_h_has_ut_exit='yes'
ossh_cv_utmp_h_has_ut_host='yes'
ossh_cv_utmp_h_has_ut_id='yes'
ossh_cv_utmp_h_has_ut_pid='yes'
ossh_cv_utmp_h_has_ut_time='no'
ossh_cv_utmp_h_has_ut_tv='yes'
ossh_cv_utmp_h_has_ut_type='yes'
ossh_cv_utmpx_h_has_syslen='no'
ossh_cv_utmpx_h_has_ut_addr='yes'
ossh_cv_utmpx_h_has_ut_addr_v6='yes'
ossh_cv_utmpx_h_has_ut_host='yes'
ossh_cv_utmpx_h_has_ut_id='yes'
ossh_cv_utmpx_h_has_ut_time='no'
ossh_cv_utmpx_h_has_ut_tv='yes'
ossh_cv_utmpx_h_has_ut_type='yes'

## ------------ ##
## confdefs.h.  ##
## ------------ ##

#define LOGIN_PROGRAM_FALLBACK "/bin/login"
#define DONT_TRY_OTHER_AF 1
#define PAM_TTY_KLUDGE 1
#define LOCKED_PASSWD_PREFIX "!!"
#define SPT_TYPE SPT_REUSEARGV
#define HAVE_CRYPT_H 1
#define HAVE_ENDIAN_H 1
#define HAVE_FEATURES_H 1
#define HAVE_GETOPT_H 1
#define HAVE_GLOB_H 1
#define HAVE_LASTLOG_H 1
#define HAVE_LIMITS_H 1
#define HAVE_NETDB_H 1
#define HAVE_NETINET_IN_SYSTM_H 1
#define HAVE_PATHS_H 1
#define HAVE_PTY_H 1
#define HAVE_RPC_TYPES_H 1
#define HAVE_SHADOW_H 1
#define HAVE_STDDEF_H 1
#define HAVE_STDINT_H 1
#define HAVE_STRINGS_H 1
#define HAVE_SYS_BITYPES_H 1
#define HAVE_SYS_CDEFS_H 1
#define HAVE_SYS_MMAN_H 1
#define HAVE_SYS_SELECT_H 1
#define HAVE_SYS_STAT_H 1
#define HAVE_SYS_STROPTS_H 1
#define HAVE_SYS_SYSMACROS_H 1
#define HAVE_SYS_TIME_H 1
#define HAVE_SYS_UN_H 1
#define HAVE_TIME_H 1
#define HAVE_TTYENT_H 1
#define HAVE_UTIME_H 1
#define HAVE_UTMP_H 1
#define HAVE_UTMPX_H 1
#define HAVE_LIBNSL 1
#define HAVE_DIRNAME 1
#define HAVE_LIBGEN_H 1
#define HAVE_BASENAME 1
#define HAVE_LIBZ 1
#define HAVE_LOGIN 1
#define HAVE_LOGOUT 1
#define HAVE_UPDWTMP 1
#define HAVE_LOGWTMP 1
#define HAVE_STRFTIME 1
#define GLOB_HAS_ALTDIRFUNC 1
#define HAVE_BASENAME 1
#define HAVE_BCOPY 1
#define HAVE_CLOCK 1
#define HAVE_FCHMOD 1
#define HAVE_FCHOWN 1
#define HAVE_FREEADDRINFO 1
#define HAVE_FUTIMES 1
#define HAVE_GETADDRINFO 1
#define HAVE_GETCWD 1
#define HAVE_GETGROUPLIST 1
#define HAVE_GETNAMEINFO 1
#define HAVE_GETOPT 1
#define HAVE_GETRLIMIT 1
#define HAVE_GETTTYENT 1
#define HAVE_GLOB 1
#define HAVE_INET_ATON 1
#define HAVE_INET_NTOA 1
#define HAVE_INET_NTOP 1
#define HAVE_INNETGR 1
#define HAVE_MEMMOVE 1
#define HAVE_MKDTEMP 1
#define HAVE_MMAP 1
#define HAVE_OPENPTY 1
#define HAVE_REALPATH 1
#define HAVE_RECVMSG 1
#define HAVE_RRESVPORT_AF 1
#define HAVE_SENDMSG 1
#define HAVE_SETEGID 1
#define HAVE_SETENV 1
#define HAVE_SETEUID 1
#define HAVE_SETGROUPS 1
#define HAVE_SETREGID 1
#define HAVE_SETRESGID 1
#define HAVE_SETRESUID 1
#define HAVE_SETREUID 1
#define HAVE_SETRLIMIT 1
#define HAVE_SETSID 1
#define HAVE_SETVBUF 1
#define HAVE_SIGACTION 1
#define HAVE_SNPRINTF 1
#define HAVE_SOCKETPAIR 1
#define HAVE_STRERROR 1
#define HAVE_SYSCONF 1
#define HAVE_TCGETPGRP 1
#define HAVE_TRUNCATE 1
#define HAVE_UTIMES 1
#define HAVE_VHANGUP 1
#define HAVE_VSNPRINTF 1
#define HAVE_WAITPID 1
#define HAVE_GAI_STRERROR 1
#define HAVE_GAI_STRERROR 1
#define HAVE_CONST_GAI_STRERROR_PROTO 1
#define HAVE_NANOSLEEP 1
#define STDC_HEADERS 1
#define HAVE_SYS_TYPES_H 1
#define HAVE_SYS_STAT_H 1
#define HAVE_STDLIB_H 1
#define HAVE_STRING_H 1
#define HAVE_MEMORY_H 1
#define HAVE_STRINGS_H 1
#define HAVE_INTTYPES_H 1
#define HAVE_STDINT_H 1
#define HAVE_UNISTD_H 1
#define HAVE_STRSEP 1
#define HAVE_TCSENDBREAK 1
#define HAVE_GETTIMEOFDAY 1
#define HAVE_TIME 1
#define HAVE_ENDUTENT 1
#define HAVE_GETUTENT 1
#define HAVE_GETUTID 1
#define HAVE_GETUTLINE 1
#define HAVE_PUTUTLINE 1
#define HAVE_SETUTENT 1
#define HAVE_UTMPNAME 1
#define HAVE_ENDUTXENT 1
#define HAVE_GETUTXENT 1
#define HAVE_GETUTXID 1
#define HAVE_GETUTXLINE 1
#define HAVE_PUTUTXLINE 1
#define HAVE_SETUTXENT 1
#define HAVE_UTMPXNAME 1
#define HAVE_DAEMON 1
#define HAVE_GETPAGESIZE 1
#define HAVE_STRICT_MKSTEMP 1
#define GETPGRP_VOID 1
#define HAVE_OPENSSL 1
#define OPENSSL_PRNG_ONLY 1
#define ENTROPY_TIMEOUT_MSEC 200
#define SSH_PRIVSEP_USER "sshd"
#define SIZEOF_CHAR 1
#define SIZEOF_SHORT_INT 2
#define SIZEOF_INT 4
#define SIZEOF_LONG_INT 8
#define SIZEOF_LONG_LONG_INT 8
#define HAVE_U_INT 1
#define HAVE_INTXX_T 1
#define HAVE_INT64_T 1
#define HAVE_U_INTXX_T 1
#define HAVE_U_INT64_T 1
#define HAVE_UINTXX_T 1
#define HAVE_U_CHAR 1
#define HAVE_SIG_ATOMIC_T 1
#define HAVE_SIZE_T 1
#define HAVE_SSIZE_T 1
#define HAVE_CLOCK_T 1
#define HAVE_SA_FAMILY_T 1
#define HAVE_PID_T 1
#define HAVE_MODE_T 1
#define HAVE_STRUCT_SOCKADDR_STORAGE 1
#define HAVE_STRUCT_SOCKADDR_IN6 1
#define HAVE_STRUCT_IN6_ADDR 1
#define HAVE_STRUCT_ADDRINFO 1
#define HAVE_STRUCT_TIMEVAL 1
#define HAVE_STRUCT_TIMESPEC 1
#define HAVE_HOST_IN_UTMP 1
#define HAVE_HOST_IN_UTMPX 1
#define HAVE_PID_IN_UTMP 1
#define HAVE_TYPE_IN_UTMP 1
#define HAVE_TYPE_IN_UTMPX 1
#define HAVE_TV_IN_UTMP 1
#define HAVE_ID_IN_UTMP 1
#define HAVE_ID_IN_UTMPX 1
#define HAVE_ADDR_IN_UTMP 1
#define HAVE_ADDR_IN_UTMPX 1
#define HAVE_ADDR_V6_IN_UTMP 1
#define HAVE_ADDR_V6_IN_UTMPX 1
#define HAVE_EXIT_IN_UTMP 1
#define HAVE_TV_IN_UTMPX 1
#define HAVE_STRUCT_STAT_ST_BLKSIZE 1
#define HAVE_SS_FAMILY_IN_SS 1
#define HAVE_CONTROL_IN_MSGHDR 1
#define HAVE___PROGNAME 1
#define HAVE___FUNCTION__ 1
#define HAVE___func__ 1
#define HAVE_SYS_ERRLIST 1
#define HAVE_SYS_NERR 1
#define XAUTH_PATH "/usr/bin/xauth"
#define HAS_SHADOW_EXPIRE 1
#define USER_PATH "/usr/bin:/bin:/usr/sbin:/sbin:/usr/local/bin"
#define IPV4_IN_IPV6 1
#define _PATH_SSH_PIDDIR "/var/run"
#define DISABLE_UTMPX 1
#define DISABLE_WTMPX 1


configure: exit 0
